<?xml version="1.0" encoding="UTF-8"?>
<robot generator="Robot 7.2.2 (Python 3.9.13 on win32)" generated="2025-05-19T15:21:04.985140" rpa="false" schemaversion="5">
<suite id="s1" name="Utilitários" source="c:\Users\Gustavo Zanotto\AppData\Local\Programs\Python\Python39\Scripts\RobotFramework\EstruturasBase\DESKTOP\Tests\SmokeTest\Parques_Naturais\ERP\Estoque\Utilitários.robot">
<kw name="Iniciar sessao" owner="BaseDesktop" type="SETUP">
<kw name="Carregar os elementos do app" owner="BaseDesktop">
<kw name="Add Image Path" owner="SikuliLibrary">
<arg>${EXECDIR}\\EstruturasBase\\DESKTOP\\Elements</arg>
<doc>Add image path</doc>
<status status="PASS" start="2025-05-19T15:21:15.550734" elapsed="0.080782"/>
</kw>
<status status="PASS" start="2025-05-19T15:21:15.547740" elapsed="0.084774"/>
</kw>
<kw name="Open Application" owner="RPA.Desktop">
<msg time="2025-05-19T15:21:15.635506" level="INFO">Starting application: C:\Limber\ERP Executaveis\cde_win_est.exe</msg>
<arg>C:\\Limber\\ERP Executaveis\\${nome_exe}.exe</arg>
<doc>Start a given application by name (if in PATH),
or by path to executable.</doc>
<status status="PASS" start="2025-05-19T15:21:15.633511" elapsed="0.174592"/>
</kw>
<kw name="Sleep" owner="BuiltIn">
<msg time="2025-05-19T15:21:16.824225" level="INFO">Slept 1 second.</msg>
<arg>1s</arg>
<doc>Pauses the test executed for the given time.</doc>
<status status="PASS" start="2025-05-19T15:21:15.810098" elapsed="1.015126"/>
</kw>
<kw name="Click" owner="RPA.Windows">
<msg time="2025-05-19T15:21:16.834199" level="INFO">Getting element with locator: Abrir</msg>
<msg time="2025-05-19T15:21:16.879243" level="INFO">Resulted root element: WindowsElement(item=&lt;PaneControl ClassName='#32769' AutomationId= Rect=(0,0,1366,768)[1366x768] Name='Área de Trabalho 1' Handle=0x10010(65552)&gt;, locator=None, name='Área de Trabalho 1', automation_id='', control_type='PaneControl', class_name='#32769', left=0, right=1366, top=0, bottom=768, width=1366, height=768, xcenter=683, ycenter=384)</msg>
<msg time="2025-05-19T15:21:16.880239" level="INFO">Locator 'Abrir' produced matcher: MatchObject(locators=[('Name', 'Abrir', 0)], _classes=set(), max_level=0)</msg>
<msg time="2025-05-19T15:21:25.482623" level="INFO">Returning element: WindowsElement(item=&lt;ButtonControl ClassName='' AutomationId=DropDown Rect=(1029,204,1044,224)[15x20] Name='Abrir' Handle=0x0(0)&gt;, locator='Abrir', name='Abrir', automation_id='DropDown', control_type='ButtonControl', class_name='', left=1029, right=1044, top=204, bottom=224, width=15, height=20, xcenter=1036, ycenter=214)</msg>
<arg>Abrir</arg>
<tag>action</tag>
<tag>mouse</tag>
<doc>Mouse click on element matching given locator.</doc>
<status status="PASS" start="2025-05-19T15:21:16.826221" elapsed="9.242079"/>
</kw>
<kw name="Sleep" owner="BuiltIn">
<msg time="2025-05-19T15:21:28.079600" level="INFO">Slept 2 seconds.</msg>
<arg>2s</arg>
<doc>Pauses the test executed for the given time.</doc>
<status status="PASS" start="2025-05-19T15:21:26.076285" elapsed="2.005220"/>
</kw>
<kw name="Press Keys" owner="RPA.Desktop">
<msg time="2025-05-19T15:21:28.085494" level="INFO">Pressing keys: Key.enter</msg>
<arg>enter</arg>
<doc>Press multiple keys down simultaneously.</doc>
<status status="PASS" start="2025-05-19T15:21:28.083498" elapsed="0.023342"/>
</kw>
<kw name="Sleep" owner="BuiltIn">
<msg time="2025-05-19T15:21:33.128518" level="INFO">Slept 5 seconds.</msg>
<msg time="2025-05-19T15:21:33.128518" level="INFO">Carregando a base...</msg>
<arg>5s</arg>
<arg>Carregando a base...</arg>
<doc>Pauses the test executed for the given time.</doc>
<status status="PASS" start="2025-05-19T15:21:28.110823" elapsed="5.018609"/>
</kw>
<kw name="Type Text" owner="RPA.Desktop">
<arg>1</arg>
<doc>Type text one letter at a time.</doc>
<status status="PASS" start="2025-05-19T15:21:33.129432" elapsed="0.001957"/>
</kw>
<kw name="Press Keys" owner="RPA.Desktop">
<msg time="2025-05-19T15:21:33.133384" level="INFO">Pressing keys: Key.enter</msg>
<arg>enter</arg>
<doc>Press multiple keys down simultaneously.</doc>
<status status="PASS" start="2025-05-19T15:21:33.132385" elapsed="0.107713"/>
</kw>
<kw name="Press Keys" owner="RPA.Desktop">
<msg time="2025-05-19T15:21:33.242093" level="INFO">Pressing keys: Key.enter</msg>
<arg>enter</arg>
<doc>Press multiple keys down simultaneously.</doc>
<status status="PASS" start="2025-05-19T15:21:33.241094" elapsed="0.110703"/>
</kw>
<arg>cde_win_est</arg>
<status status="PASS" start="2025-05-19T15:21:15.546774" elapsed="17.806022"/>
</kw>
<test id="s1-t1" name="Favoritos" line="18">
<kw name="Utilitários">
<kw name="Cadastros" owner="BaseDesktop">
<kw name="Click" owner="SikuliLibrary">
<msg time="2025-05-19T15:21:36.946952" level="INFO" html="true">&lt;img src='sikuli_captured/sikuliximage-1747678896093.png'/&gt;
[log] CLICK on L[32,33]@S(0) (584 msec)</msg>
<arg>Cadastros.png</arg>
<doc>Click</doc>
<status status="PASS" start="2025-05-19T15:21:33.376734" elapsed="3.571220"/>
</kw>
<status status="PASS" start="2025-05-19T15:21:33.375736" elapsed="3.573213"/>
</kw>
<kw name="repetidor de teclas" owner="BaseDesktop">
<for flavor="IN RANGE">
<iter>
<kw name="Press Keys" owner="RPA.Desktop">
<msg time="2025-05-19T15:21:36.955928" level="INFO">Pressing keys: Key.right</msg>
<arg>${tecla}</arg>
<doc>Press multiple keys down simultaneously.</doc>
<status status="PASS" start="2025-05-19T15:21:36.954931" elapsed="0.004989"/>
</kw>
<var name="${quantidade_de_clicks}">1</var>
<status status="PASS" start="2025-05-19T15:21:36.953933" elapsed="0.006981"/>
</iter>
<iter>
<kw name="Press Keys" owner="RPA.Desktop">
<msg time="2025-05-19T15:21:36.964903" level="INFO">Pressing keys: Key.right</msg>
<arg>${tecla}</arg>
<doc>Press multiple keys down simultaneously.</doc>
<status status="PASS" start="2025-05-19T15:21:36.962910" elapsed="0.114691"/>
</kw>
<var name="${quantidade_de_clicks}">2</var>
<status status="PASS" start="2025-05-19T15:21:36.961915" elapsed="0.115686"/>
</iter>
<iter>
<kw name="Press Keys" owner="RPA.Desktop">
<msg time="2025-05-19T15:21:37.081591" level="INFO">Pressing keys: Key.right</msg>
<arg>${tecla}</arg>
<doc>Press multiple keys down simultaneously.</doc>
<status status="PASS" start="2025-05-19T15:21:37.080594" elapsed="0.107490"/>
</kw>
<var name="${quantidade_de_clicks}">3</var>
<status status="PASS" start="2025-05-19T15:21:37.079596" elapsed="0.109485"/>
</iter>
<iter>
<kw name="Press Keys" owner="RPA.Desktop">
<msg time="2025-05-19T15:21:37.192075" level="INFO">Pressing keys: Key.right</msg>
<arg>${tecla}</arg>
<doc>Press multiple keys down simultaneously.</doc>
<status status="PASS" start="2025-05-19T15:21:37.191075" elapsed="0.106880"/>
</kw>
<var name="${quantidade_de_clicks}">4</var>
<status status="PASS" start="2025-05-19T15:21:37.190078" elapsed="0.108882"/>
</iter>
<iter>
<kw name="Press Keys" owner="RPA.Desktop">
<msg time="2025-05-19T15:21:37.299956" level="INFO">Pressing keys: Key.right</msg>
<arg>${tecla}</arg>
<doc>Press multiple keys down simultaneously.</doc>
<status status="PASS" start="2025-05-19T15:21:37.299956" elapsed="0.108131"/>
</kw>
<var name="${quantidade_de_clicks}">5</var>
<status status="PASS" start="2025-05-19T15:21:37.298960" elapsed="0.110122"/>
</iter>
<var>${quantidade_de_clicks}</var>
<value>1</value>
<value>${quantidade_de_clicks}+1</value>
<status status="PASS" start="2025-05-19T15:21:36.951939" elapsed="0.458148"/>
</for>
<arg>right</arg>
<arg>5</arg>
<status status="PASS" start="2025-05-19T15:21:36.949944" elapsed="0.462129"/>
</kw>
<status status="PASS" start="2025-05-19T15:21:33.373741" elapsed="4.039350"/>
</kw>
<kw name="Click" owner="RPA.Windows">
<msg time="2025-05-19T15:21:37.428030" level="INFO">Getting element with locator: Favoritos</msg>
<msg time="2025-05-19T15:21:37.464931" level="INFO">Resulted root element: WindowsElement(item=&lt;PaneControl ClassName='#32769' AutomationId= Rect=(0,0,1366,768)[1366x768] Name='Área de Trabalho 1' Handle=0x10010(65552)&gt;, locator=None, name='Área de Trabalho 1', automation_id='', control_type='PaneControl', class_name='#32769', left=0, right=1366, top=0, bottom=768, width=1366, height=768, xcenter=683, ycenter=384)</msg>
<msg time="2025-05-19T15:21:37.468920" level="INFO">Locator 'Favoritos' produced matcher: MatchObject(locators=[('Name', 'Favoritos', 0)], _classes=set(), max_level=0)</msg>
<msg time="2025-05-19T15:21:37.977559" level="INFO">Returning element: WindowsElement(item=&lt;MenuItemControl ClassName='' AutomationId=5 Rect=(324,45,607,67)[283x22] Name='Favoritos' Handle=0x0(0)&gt;, locator='Favoritos', name='Favoritos', automation_id='5', control_type='MenuItemControl', class_name='', left=324, right=607, top=45, bottom=67, width=283, height=22, xcenter=465, ycenter=56)</msg>
<arg>Favoritos</arg>
<tag>action</tag>
<tag>mouse</tag>
<doc>Mouse click on element matching given locator.</doc>
<status status="PASS" start="2025-05-19T15:21:37.425040" elapsed="1.140321"/>
</kw>
<kw name="Get Text" owner="RPA.Windows">
<msg time="2025-05-19T15:21:38.576342" level="INFO">Getting element with locator: Configuração de Favoritos (1)</msg>
<msg time="2025-05-19T15:21:38.602270" level="INFO">Resulted root element: WindowsElement(item=&lt;PaneControl ClassName='#32769' AutomationId= Rect=(0,0,1366,768)[1366x768] Name='Área de Trabalho 1' Handle=0x10010(65552)&gt;, locator=None, name='Área de Trabalho 1', automation_id='', control_type='PaneControl', class_name='#32769', left=0, right=1366, top=0, bottom=768, width=1366, height=768, xcenter=683, ycenter=384)</msg>
<msg time="2025-05-19T15:21:38.603268" level="INFO">Locator 'Configuração de Favoritos (1)' produced matcher: MatchObject(locators=[('Name', 'Configuração de Favoritos (1)', 0)], _classes=set(), max_level=0)</msg>
<msg time="2025-05-19T15:21:39.086749" level="INFO">Returning element: WindowsElement(item=&lt;WindowControl ClassName='TfrmConfFavoritos' AutomationId=65280 Rect=(597,159,956,609)[359x450] Name='Configuração de Favoritos (1)' Handle=0xA80A4C(11012684)&gt;, locator='Configuração de Favoritos (1)', name='Configuração de Favoritos (1)', automation_id='65280', control_type='WindowControl', class_name='TfrmConfFavoritos', left=597, right=956, top=159, bottom=609, width=359, height=450, xcenter=776, ycenter=384)</msg>
<arg>Configuração de Favoritos (1)</arg>
<tag>action</tag>
<doc>Get text from Control element defined by the locator.</doc>
<status status="PASS" start="2025-05-19T15:21:38.573356" elapsed="0.516386"/>
</kw>
<kw name="Press Keys" owner="RPA.Desktop">
<msg time="2025-05-19T15:21:39.092733" level="INFO">Pressing keys: Key.enter</msg>
<arg>Enter</arg>
<doc>Press multiple keys down simultaneously.</doc>
<status status="PASS" start="2025-05-19T15:21:39.091741" elapsed="0.002988"/>
</kw>
<kw name="Screenshot" owner="BaseDesktop">
<kw name="Screenshot" owner="RPA.Windows">
<msg time="2025-05-19T15:21:39.102708" level="INFO">Getting element with locator: Configuração de Favoritos (1)</msg>
<msg time="2025-05-19T15:21:39.137614" level="INFO">Resulted root element: WindowsElement(item=&lt;PaneControl ClassName='#32769' AutomationId= Rect=(0,0,1366,768)[1366x768] Name='Área de Trabalho 1' Handle=0x10010(65552)&gt;, locator=None, name='Área de Trabalho 1', automation_id='', control_type='PaneControl', class_name='#32769', left=0, right=1366, top=0, bottom=768, width=1366, height=768, xcenter=683, ycenter=384)</msg>
<msg time="2025-05-19T15:21:39.138613" level="INFO">Locator 'Configuração de Favoritos (1)' produced matcher: MatchObject(locators=[('Name', 'Configuração de Favoritos (1)', 0)], _classes=set(), max_level=0)</msg>
<msg time="2025-05-19T15:21:39.740256" level="INFO">Returning element: WindowsElement(item=&lt;WindowControl ClassName='TfrmConfFavoritos' AutomationId=65280 Rect=(597,159,956,609)[359x450] Name='Configuração de Favoritos (1)' Handle=0xA80A4C(11012684)&gt;, locator='Configuração de Favoritos (1)', name='Configuração de Favoritos (1)', automation_id='65280', control_type='WindowControl', class_name='TfrmConfFavoritos', left=597, right=956, top=159, bottom=609, width=359, height=450, xcenter=776, ycenter=384)</msg>
<arg>${janela}</arg>
<arg>${Caminho}.png</arg>
<tag>action</tag>
<doc>Take a screenshot of the element defined by the locator.</doc>
<status status="PASS" start="2025-05-19T15:21:39.100712" elapsed="0.697391"/>
</kw>
<arg>Configuração de Favoritos (1)</arg>
<arg>${Caminho_Screenshots}Favoritos</arg>
<status status="PASS" start="2025-05-19T15:21:39.098718" elapsed="0.699385"/>
</kw>
<kw name="Click" owner="RPA.Windows">
<msg time="2025-05-19T15:21:39.801099" level="INFO">Getting element with locator: OK</msg>
<msg time="2025-05-19T15:21:39.812065" level="INFO">Resulted root element: WindowsElement(item=&lt;PaneControl ClassName='#32769' AutomationId= Rect=(0,0,1366,768)[1366x768] Name='Área de Trabalho 1' Handle=0x10010(65552)&gt;, locator=None, name='Área de Trabalho 1', automation_id='', control_type='PaneControl', class_name='#32769', left=0, right=1366, top=0, bottom=768, width=1366, height=768, xcenter=683, ycenter=384)</msg>
<msg time="2025-05-19T15:21:39.813064" level="INFO">Locator 'OK' produced matcher: MatchObject(locators=[('Name', 'OK', 0)], _classes=set(), max_level=0)</msg>
<msg time="2025-05-19T15:21:40.122752" level="INFO">Returning element: WindowsElement(item=&lt;ButtonControl ClassName='Button' AutomationId=2 Rect=(714,429,789,452)[75x23] Name='OK' Handle=0xC207DC(12715996)&gt;, locator='OK', name='OK', automation_id='2', control_type='ButtonControl', class_name='Button', left=714, right=789, top=429, bottom=452, width=75, height=23, xcenter=751, ycenter=440)</msg>
<arg>OK</arg>
<tag>action</tag>
<tag>mouse</tag>
<doc>Mouse click on element matching given locator.</doc>
<status status="PASS" start="2025-05-19T15:21:39.800096" elapsed="0.909390"/>
</kw>
<kw name="Click" owner="RPA.Windows">
<msg time="2025-05-19T15:21:40.714203" level="INFO">Getting element with locator: Fechar</msg>
<msg time="2025-05-19T15:21:40.728166" level="INFO">Resulted root element: WindowsElement(item=&lt;PaneControl ClassName='#32769' AutomationId= Rect=(0,0,1366,768)[1366x768] Name='Área de Trabalho 1' Handle=0x10010(65552)&gt;, locator=None, name='Área de Trabalho 1', automation_id='', control_type='PaneControl', class_name='#32769', left=0, right=1366, top=0, bottom=768, width=1366, height=768, xcenter=683, ycenter=384)</msg>
<msg time="2025-05-19T15:21:40.728166" level="INFO">Locator 'Fechar' produced matcher: MatchObject(locators=[('Name', 'Fechar', 0)], _classes=set(), max_level=0)</msg>
<msg time="2025-05-19T15:21:41.627100" level="INFO">Returning element: WindowsElement(item=&lt;ButtonControl ClassName='' AutomationId= Rect=(914,169,946,187)[32x18] Name='Fechar' Handle=0x0(0)&gt;, locator='Fechar', name='Fechar', automation_id='', control_type='ButtonControl', class_name='', left=914, right=946, top=169, bottom=187, width=32, height=18, xcenter=930, ycenter=178)</msg>
<arg>Fechar</arg>
<tag>action</tag>
<tag>mouse</tag>
<doc>Mouse click on element matching given locator.</doc>
<status status="PASS" start="2025-05-19T15:21:40.713197" elapsed="1.488283"/>
</kw>
<kw name="Caso aconteça erro" owner="BaseDesktop" type="TEARDOWN">
<kw name="Set Global Timeout" owner="RPA.Windows">
<arg>0.5</arg>
<tag>action</tag>
<doc>Set global timeout for element search. Applies also
to ``Control Window`` keyword.</doc>
<status status="PASS" start="2025-05-19T15:21:42.207470" elapsed="0.001051"/>
</kw>
<kw name="Set Wait Time" owner="RPA.Windows">
<msg time="2025-05-19T15:21:42.210512" level="INFO">Previous wait time: 0.500000</msg>
<msg time="2025-05-19T15:21:42.210512" level="INFO">Current wait time: 0.100000</msg>
<arg>0.1</arg>
<tag>action</tag>
<doc>Set library wait time for action keywords.</doc>
<status status="PASS" start="2025-05-19T15:21:42.209513" elapsed="0.001997"/>
</kw>
<kw name="Run Keyword And Ignore Error" owner="BuiltIn">
<kw name="Get Text" owner="RPA.Windows">
<msg time="2025-05-19T15:21:42.218444" level="INFO">Getting element with locator: Erro</msg>
<msg time="2025-05-19T15:21:42.235394" level="INFO">Resulted root element: WindowsElement(item=&lt;PaneControl ClassName='#32769' AutomationId= Rect=(0,0,1366,768)[1366x768] Name='Área de Trabalho 1' Handle=0x10010(65552)&gt;, locator=None, name='Área de Trabalho 1', automation_id='', control_type='PaneControl', class_name='#32769', left=0, right=1366, top=0, bottom=768, width=1366, height=768, xcenter=683, ycenter=384)</msg>
<msg time="2025-05-19T15:21:42.236392" level="INFO">Locator 'Erro' produced matcher: MatchObject(locators=[('Name', 'Erro', 0)], _classes=set(), max_level=0)</msg>
<msg time="2025-05-19T15:21:51.277015" level="INFO">2025-05-19 15:21:51.275 locators.py[278] _get_control_from_params -&gt; Find Control Timeout(0.5s): {Name: 'Erro'}</msg>
<msg time="2025-05-19T15:21:51.277015" level="FAIL">ElementNotFound: Element not found with locator 'Erro'</msg>
<arg>Erro</arg>
<tag>action</tag>
<doc>Get text from Control element defined by the locator.</doc>
<status status="FAIL" start="2025-05-19T15:21:42.215454" elapsed="9.079517">ElementNotFound: Element not found with locator 'Erro'</status>
</kw>
<msg time="2025-05-19T15:21:51.294971" level="INFO">${Erro} = ('FAIL', "ElementNotFound: Element not found with locator 'Erro'")</msg>
<var>${Erro}</var>
<arg>RPA.Windows.Get Text</arg>
<arg>Erro</arg>
<doc>Runs the given keyword with the given arguments and ignores possible error.</doc>
<status status="PASS" start="2025-05-19T15:21:42.212509" elapsed="9.082462"/>
</kw>
<if>
<branch type="IF" condition="${Erro} != ('FAIL', &quot;ElementNotFound: Element not found with locator 'Erro'&quot;)">
<kw name="Fail" owner="BuiltIn">
<arg>Ocorreu um erro ao tentar clicar no campo em tela ou fechar a janela.</arg>
<doc>Fails the test with the given message and optionally alters its tags.</doc>
<status status="NOT RUN" start="2025-05-19T15:21:51.296966" elapsed="0.000000"/>
</kw>
<status status="NOT RUN" start="2025-05-19T15:21:51.295969" elapsed="0.000997"/>
</branch>
<status status="PASS" start="2025-05-19T15:21:51.295969" elapsed="0.001995"/>
</if>
<kw name="Run Keyword If Test Failed" owner="BuiltIn">
<arg>Run Keyword And Ignore error</arg>
<arg>RPA.Windows.Click</arg>
<arg>Maximizar</arg>
<doc>Runs the given keyword with the given arguments, if the test failed.</doc>
<status status="PASS" start="2025-05-19T15:21:51.297964" elapsed="0.000000"/>
</kw>
<kw name="Run Keyword If Test Failed" owner="BuiltIn">
<arg>Run Keyword And Ignore error</arg>
<arg>Remove File</arg>
<arg>${Caminho_Screenshots}${nome_print}.png</arg>
<doc>Runs the given keyword with the given arguments, if the test failed.</doc>
<status status="PASS" start="2025-05-19T15:21:51.298963" elapsed="0.000000"/>
</kw>
<kw name="Run Keyword If Test Failed" owner="BuiltIn">
<arg>Take Screenshot</arg>
<arg>${Caminho_Screenshots}Erro ${nome_print}.png</arg>
<doc>Runs the given keyword with the given arguments, if the test failed.</doc>
<status status="PASS" start="2025-05-19T15:21:51.299961" elapsed="0.000000"/>
</kw>
<kw name="Run Keyword If Test Failed" owner="BuiltIn">
<arg>Run Keyword And Ignore error</arg>
<arg>RPA.Windows.Click</arg>
<arg>Cancelar</arg>
<doc>Runs the given keyword with the given arguments, if the test failed.</doc>
<status status="PASS" start="2025-05-19T15:21:51.300958" elapsed="0.000000"/>
</kw>
<kw name="Run Keyword If Test Failed" owner="BuiltIn">
<arg>Run Keyword And Ignore error</arg>
<arg>RPA.Desktop.Press Keys</arg>
<arg>Enter</arg>
<doc>Runs the given keyword with the given arguments, if the test failed.</doc>
<status status="PASS" start="2025-05-19T15:21:51.300958" elapsed="0.000997"/>
</kw>
<kw name="Run Keyword If Test Failed" owner="BuiltIn">
<arg>Run Keyword And Ignore error</arg>
<arg>RPA.Windows.Click</arg>
<arg>OK</arg>
<doc>Runs the given keyword with the given arguments, if the test failed.</doc>
<status status="PASS" start="2025-05-19T15:21:51.301955" elapsed="0.000998"/>
</kw>
<kw name="Set Anchor" owner="RPA.Windows">
<msg time="2025-05-19T15:21:51.303950" level="INFO">Getting element with locator: Aplicativo</msg>
<msg time="2025-05-19T15:21:51.328881" level="INFO">Resulted root element: WindowsElement(item=&lt;PaneControl ClassName='#32769' AutomationId= Rect=(0,0,1366,768)[1366x768] Name='Área de Trabalho 1' Handle=0x10010(65552)&gt;, locator=None, name='Área de Trabalho 1', automation_id='', control_type='PaneControl', class_name='#32769', left=0, right=1366, top=0, bottom=768, width=1366, height=768, xcenter=683, ycenter=384)</msg>
<msg time="2025-05-19T15:21:51.329882" level="INFO">Locator 'Aplicativo' produced matcher: MatchObject(locators=[('Name', 'Aplicativo', 0)], _classes=set(), max_level=0)</msg>
<msg time="2025-05-19T15:21:52.149520" level="INFO">Returning element: WindowsElement(item=&lt;MenuBarControl ClassName='' AutomationId=MenuBar Rect=(0,23,1366,42)[1366x19] Name='Aplicativo' Handle=0x0(0)&gt;, locator='Aplicativo', name='Aplicativo', automation_id='MenuBar', control_type='MenuBarControl', class_name='', left=0, right=1366, top=23, bottom=42, width=1366, height=19, xcenter=683, ycenter=32)</msg>
<arg>Aplicativo</arg>
<doc>Set anchor to an element specified by the locator.</doc>
<status status="PASS" start="2025-05-19T15:21:51.302953" elapsed="0.847564"/>
</kw>
<kw name="Run Keyword If Test Failed" owner="BuiltIn">
<arg>Run Keyword And Ignore error</arg>
<arg>RPA.Windows.Click</arg>
<arg>Fechar</arg>
<doc>Runs the given keyword with the given arguments, if the test failed.</doc>
<status status="PASS" start="2025-05-19T15:21:52.150517" elapsed="0.000998"/>
</kw>
<kw name="Clear Anchor" owner="RPA.Windows">
<doc>Clears control anchor set by ``Set Anchor``</doc>
<status status="PASS" start="2025-05-19T15:21:52.151515" elapsed="0.000997"/>
</kw>
<kw name="Run Keyword If Test Failed" owner="BuiltIn">
<arg>Run Keyword And Ignore error</arg>
<arg>RPA.Windows.Click</arg>
<arg>Sim</arg>
<doc>Runs the given keyword with the given arguments, if the test failed.</doc>
<status status="PASS" start="2025-05-19T15:21:52.153509" elapsed="0.000998"/>
</kw>
<arg>${Caminho_Screenshots}</arg>
<arg>Utilitários</arg>
<status status="PASS" start="2025-05-19T15:21:42.205481" elapsed="9.949026"/>
</kw>
<status status="PASS" start="2025-05-19T15:21:33.352796" elapsed="18.805699"/>
</test>
<test id="s1-t2" name="Papel de Parede" line="28">
<kw name="Utilitários">
<kw name="Cadastros" owner="BaseDesktop">
<kw name="Click" owner="SikuliLibrary">
<msg time="2025-05-19T15:21:53.363104" level="INFO" html="true">&lt;img src='sikuli_captured/sikuliximage-1747678912440.png'/&gt;
[log] CLICK on L[32,33]@S(0) (712 msec)</msg>
<arg>Cadastros.png</arg>
<doc>Click</doc>
<status status="PASS" start="2025-05-19T15:21:52.165480" elapsed="1.198621"/>
</kw>
<status status="PASS" start="2025-05-19T15:21:52.164480" elapsed="1.200618"/>
</kw>
<kw name="repetidor de teclas" owner="BaseDesktop">
<for flavor="IN RANGE">
<iter>
<kw name="Press Keys" owner="RPA.Desktop">
<msg time="2025-05-19T15:21:53.374076" level="INFO">Pressing keys: Key.right</msg>
<arg>${tecla}</arg>
<doc>Press multiple keys down simultaneously.</doc>
<status status="PASS" start="2025-05-19T15:21:53.372097" elapsed="0.005967"/>
</kw>
<var name="${quantidade_de_clicks}">1</var>
<status status="PASS" start="2025-05-19T15:21:53.371082" elapsed="0.007978"/>
</iter>
<iter>
<kw name="Press Keys" owner="RPA.Desktop">
<msg time="2025-05-19T15:21:53.381055" level="INFO">Pressing keys: Key.right</msg>
<arg>${tecla}</arg>
<doc>Press multiple keys down simultaneously.</doc>
<status status="PASS" start="2025-05-19T15:21:53.380058" elapsed="0.110703"/>
</kw>
<var name="${quantidade_de_clicks}">2</var>
<status status="PASS" start="2025-05-19T15:21:53.379060" elapsed="0.111701"/>
</iter>
<iter>
<kw name="Press Keys" owner="RPA.Desktop">
<msg time="2025-05-19T15:21:53.493753" level="INFO">Pressing keys: Key.right</msg>
<arg>${tecla}</arg>
<doc>Press multiple keys down simultaneously.</doc>
<status status="PASS" start="2025-05-19T15:21:53.492756" elapsed="0.104719"/>
</kw>
<var name="${quantidade_de_clicks}">3</var>
<status status="PASS" start="2025-05-19T15:21:53.491758" elapsed="0.106718"/>
</iter>
<iter>
<kw name="Press Keys" owner="RPA.Desktop">
<msg time="2025-05-19T15:21:53.601466" level="INFO">Pressing keys: Key.right</msg>
<arg>${tecla}</arg>
<doc>Press multiple keys down simultaneously.</doc>
<status status="PASS" start="2025-05-19T15:21:53.600467" elapsed="0.106715"/>
</kw>
<var name="${quantidade_de_clicks}">4</var>
<status status="PASS" start="2025-05-19T15:21:53.599471" elapsed="0.107711"/>
</iter>
<iter>
<kw name="Press Keys" owner="RPA.Desktop">
<msg time="2025-05-19T15:21:53.710174" level="INFO">Pressing keys: Key.right</msg>
<arg>${tecla}</arg>
<doc>Press multiple keys down simultaneously.</doc>
<status status="PASS" start="2025-05-19T15:21:53.709176" elapsed="0.106081"/>
</kw>
<var name="${quantidade_de_clicks}">5</var>
<status status="PASS" start="2025-05-19T15:21:53.708179" elapsed="0.107078"/>
</iter>
<var>${quantidade_de_clicks}</var>
<value>1</value>
<value>${quantidade_de_clicks}+1</value>
<status status="PASS" start="2025-05-19T15:21:53.370084" elapsed="0.446170"/>
</for>
<arg>right</arg>
<arg>5</arg>
<status status="PASS" start="2025-05-19T15:21:53.368092" elapsed="0.449159"/>
</kw>
<status status="PASS" start="2025-05-19T15:21:52.163483" elapsed="1.653768"/>
</kw>
<kw name="Click" owner="RPA.Windows">
<msg time="2025-05-19T15:21:53.821241" level="INFO">Getting element with locator: Papel de Parede</msg>
<msg time="2025-05-19T15:21:53.844180" level="INFO">Resulted root element: WindowsElement(item=&lt;PaneControl ClassName='#32769' AutomationId= Rect=(0,0,1366,768)[1366x768] Name='Área de Trabalho 1' Handle=0x10010(65552)&gt;, locator=None, name='Área de Trabalho 1', automation_id='', control_type='PaneControl', class_name='#32769', left=0, right=1366, top=0, bottom=768, width=1366, height=768, xcenter=683, ycenter=384)</msg>
<msg time="2025-05-19T15:21:53.845177" level="INFO">Locator 'Papel de Parede' produced matcher: MatchObject(locators=[('Name', 'Papel de Parede', 0)], _classes=set(), max_level=0)</msg>
<msg time="2025-05-19T15:21:54.112461" level="INFO">Returning element: WindowsElement(item=&lt;MenuItemControl ClassName='' AutomationId=7 Rect=(324,74,607,96)[283x22] Name='Papel de Parede' Handle=0x0(0)&gt;, locator='Papel de Parede', name='Papel de Parede', automation_id='7', control_type='MenuItemControl', class_name='', left=324, right=607, top=74, bottom=96, width=283, height=22, xcenter=465, ycenter=85)</msg>
<arg>Papel de Parede</arg>
<tag>action</tag>
<tag>mouse</tag>
<doc>Mouse click on element matching given locator.</doc>
<status status="PASS" start="2025-05-19T15:21:53.820243" elapsed="0.475852"/>
</kw>
<kw name="Sleep" owner="BuiltIn">
<msg time="2025-05-19T15:21:56.901582" level="INFO">Slept 2 seconds.</msg>
<arg>2s</arg>
<doc>Pauses the test executed for the given time.</doc>
<status status="PASS" start="2025-05-19T15:21:54.899719" elapsed="2.003753"/>
</kw>
<kw name="Get Text" owner="RPA.Windows">
<msg time="2025-05-19T15:21:56.916444" level="INFO">Getting element with locator: Seleção de Papel de Parede</msg>
<msg time="2025-05-19T15:21:56.940375" level="INFO">Resulted root element: WindowsElement(item=&lt;PaneControl ClassName='#32769' AutomationId= Rect=(0,0,1366,768)[1366x768] Name='Área de Trabalho 1' Handle=0x10010(65552)&gt;, locator=None, name='Área de Trabalho 1', automation_id='', control_type='PaneControl', class_name='#32769', left=0, right=1366, top=0, bottom=768, width=1366, height=768, xcenter=683, ycenter=384)</msg>
<msg time="2025-05-19T15:21:56.941371" level="INFO">Locator 'Seleção de Papel de Parede' produced matcher: MatchObject(locators=[('Name', 'Seleção de Papel de Parede', 0)], _classes=set(), max_level=0)</msg>
<msg time="2025-05-19T15:21:57.131692" level="INFO">Returning element: WindowsElement(item=&lt;WindowControl ClassName='#32770' AutomationId= Rect=(683,214,1366,694)[683x480] Name='Seleção de Papel de Parede' Handle=0xA20932(10619186)&gt;, locator='Seleção de Papel de Parede', name='Seleção de Papel de Parede', automation_id='', control_type='WindowControl', class_name='#32770', left=683, right=1366, top=214, bottom=694, width=683, height=480, xcenter=1024, ycenter=454)</msg>
<arg>Seleção de Papel de Parede</arg>
<tag>action</tag>
<doc>Get text from Control element defined by the locator.</doc>
<status status="PASS" start="2025-05-19T15:21:56.910464" elapsed="0.222229"/>
</kw>
<kw name="Screenshot" owner="BaseDesktop">
<kw name="Screenshot" owner="RPA.Windows">
<msg time="2025-05-19T15:21:57.140669" level="INFO">Getting element with locator: Seleção de Papel de Parede</msg>
<msg time="2025-05-19T15:21:57.151639" level="INFO">Resulted root element: WindowsElement(item=&lt;PaneControl ClassName='#32769' AutomationId= Rect=(0,0,1366,768)[1366x768] Name='Área de Trabalho 1' Handle=0x10010(65552)&gt;, locator=None, name='Área de Trabalho 1', automation_id='', control_type='PaneControl', class_name='#32769', left=0, right=1366, top=0, bottom=768, width=1366, height=768, xcenter=683, ycenter=384)</msg>
<msg time="2025-05-19T15:21:57.152636" level="INFO">Locator 'Seleção de Papel de Parede' produced matcher: MatchObject(locators=[('Name', 'Seleção de Papel de Parede', 0)], _classes=set(), max_level=0)</msg>
<msg time="2025-05-19T15:21:57.336144" level="INFO">Returning element: WindowsElement(item=&lt;WindowControl ClassName='#32770' AutomationId= Rect=(683,214,1366,694)[683x480] Name='Seleção de Papel de Parede' Handle=0xA20932(10619186)&gt;, locator='Seleção de Papel de Parede', name='Seleção de Papel de Parede', automation_id='', control_type='WindowControl', class_name='#32770', left=683, right=1366, top=214, bottom=694, width=683, height=480, xcenter=1024, ycenter=454)</msg>
<arg>${janela}</arg>
<arg>${Caminho}.png</arg>
<tag>action</tag>
<doc>Take a screenshot of the element defined by the locator.</doc>
<status status="PASS" start="2025-05-19T15:21:57.139671" elapsed="0.224550"/>
</kw>
<arg>Seleção de Papel de Parede</arg>
<arg>${Caminho_Screenshots}Papel de Parede</arg>
<status status="PASS" start="2025-05-19T15:21:57.134684" elapsed="0.230534"/>
</kw>
<kw name="Click" owner="RPA.Windows">
<msg time="2025-05-19T15:21:57.368208" level="INFO">Getting element with locator: Fechar</msg>
<msg time="2025-05-19T15:21:57.377185" level="INFO">Resulted root element: WindowsElement(item=&lt;PaneControl ClassName='#32769' AutomationId= Rect=(0,0,1366,768)[1366x768] Name='Área de Trabalho 1' Handle=0x10010(65552)&gt;, locator=None, name='Área de Trabalho 1', automation_id='', control_type='PaneControl', class_name='#32769', left=0, right=1366, top=0, bottom=768, width=1366, height=768, xcenter=683, ycenter=384)</msg>
<msg time="2025-05-19T15:21:57.377185" level="INFO">Locator 'Fechar' produced matcher: MatchObject(locators=[('Name', 'Fechar', 0)], _classes=set(), max_level=0)</msg>
<msg time="2025-05-19T15:21:58.310256" level="INFO">Returning element: WindowsElement(item=&lt;ButtonControl ClassName='' AutomationId= Rect=(1325,215,1359,245)[34x30] Name='Fechar' Handle=0x0(0)&gt;, locator='Fechar', name='Fechar', automation_id='', control_type='ButtonControl', class_name='', left=1325, right=1359, top=215, bottom=245, width=34, height=30, xcenter=1342, ycenter=230)</msg>
<arg>Fechar</arg>
<tag>action</tag>
<tag>mouse</tag>
<doc>Mouse click on element matching given locator.</doc>
<status status="PASS" start="2025-05-19T15:21:57.367213" elapsed="1.137207"/>
</kw>
<kw name="Caso aconteça erro" owner="BaseDesktop" type="TEARDOWN">
<kw name="Set Global Timeout" owner="RPA.Windows">
<arg>0.5</arg>
<tag>action</tag>
<doc>Set global timeout for element search. Applies also
to ``Control Window`` keyword.</doc>
<status status="PASS" start="2025-05-19T15:21:58.533344" elapsed="0.000997"/>
</kw>
<kw name="Set Wait Time" owner="RPA.Windows">
<msg time="2025-05-19T15:21:58.538335" level="INFO">Previous wait time: 0.100000</msg>
<msg time="2025-05-19T15:21:58.538335" level="INFO">Current wait time: 0.100000</msg>
<arg>0.1</arg>
<tag>action</tag>
<doc>Set library wait time for action keywords.</doc>
<status status="PASS" start="2025-05-19T15:21:58.535339" elapsed="0.003990"/>
</kw>
<kw name="Run Keyword And Ignore Error" owner="BuiltIn">
<kw name="Get Text" owner="RPA.Windows">
<msg time="2025-05-19T15:21:58.569247" level="INFO">Getting element with locator: Erro</msg>
<msg time="2025-05-19T15:21:58.596177" level="INFO">Resulted root element: WindowsElement(item=&lt;PaneControl ClassName='#32769' AutomationId= Rect=(0,0,1366,768)[1366x768] Name='Área de Trabalho 1' Handle=0x10010(65552)&gt;, locator=None, name='Área de Trabalho 1', automation_id='', control_type='PaneControl', class_name='#32769', left=0, right=1366, top=0, bottom=768, width=1366, height=768, xcenter=683, ycenter=384)</msg>
<msg time="2025-05-19T15:21:58.598171" level="INFO">Locator 'Erro' produced matcher: MatchObject(locators=[('Name', 'Erro', 0)], _classes=set(), max_level=0)</msg>
<msg time="2025-05-19T15:22:01.559164" level="INFO">2025-05-19 15:22:01.558 locators.py[278] _get_control_from_params -&gt; Find Control Timeout(0.5s): {Name: 'Erro'}</msg>
<msg time="2025-05-19T15:22:01.559164" level="FAIL">ElementNotFound: Element not found with locator 'Erro'</msg>
<arg>Erro</arg>
<tag>action</tag>
<doc>Get text from Control element defined by the locator.</doc>
<status status="FAIL" start="2025-05-19T15:21:58.541324" elapsed="3.019833">ElementNotFound: Element not found with locator 'Erro'</status>
</kw>
<msg time="2025-05-19T15:22:01.562155" level="INFO">${Erro} = ('FAIL', "ElementNotFound: Element not found with locator 'Erro'")</msg>
<var>${Erro}</var>
<arg>RPA.Windows.Get Text</arg>
<arg>Erro</arg>
<doc>Runs the given keyword with the given arguments and ignores possible error.</doc>
<status status="PASS" start="2025-05-19T15:21:58.540325" elapsed="3.022828"/>
</kw>
<if>
<branch type="IF" condition="${Erro} != ('FAIL', &quot;ElementNotFound: Element not found with locator 'Erro'&quot;)">
<kw name="Fail" owner="BuiltIn">
<arg>Ocorreu um erro ao tentar clicar no campo em tela ou fechar a janela.</arg>
<doc>Fails the test with the given message and optionally alters its tags.</doc>
<status status="NOT RUN" start="2025-05-19T15:22:01.565152" elapsed="0.000000"/>
</kw>
<status status="NOT RUN" start="2025-05-19T15:22:01.563153" elapsed="0.002992"/>
</branch>
<status status="PASS" start="2025-05-19T15:22:01.563153" elapsed="0.002992"/>
</if>
<kw name="Run Keyword If Test Failed" owner="BuiltIn">
<arg>Run Keyword And Ignore error</arg>
<arg>RPA.Windows.Click</arg>
<arg>Maximizar</arg>
<doc>Runs the given keyword with the given arguments, if the test failed.</doc>
<status status="PASS" start="2025-05-19T15:22:01.567142" elapsed="0.000000"/>
</kw>
<kw name="Run Keyword If Test Failed" owner="BuiltIn">
<arg>Run Keyword And Ignore error</arg>
<arg>Remove File</arg>
<arg>${Caminho_Screenshots}${nome_print}.png</arg>
<doc>Runs the given keyword with the given arguments, if the test failed.</doc>
<status status="PASS" start="2025-05-19T15:22:01.568140" elapsed="0.000997"/>
</kw>
<kw name="Run Keyword If Test Failed" owner="BuiltIn">
<arg>Take Screenshot</arg>
<arg>${Caminho_Screenshots}Erro ${nome_print}.png</arg>
<doc>Runs the given keyword with the given arguments, if the test failed.</doc>
<status status="PASS" start="2025-05-19T15:22:01.570134" elapsed="0.000996"/>
</kw>
<kw name="Run Keyword If Test Failed" owner="BuiltIn">
<arg>Run Keyword And Ignore error</arg>
<arg>RPA.Windows.Click</arg>
<arg>Cancelar</arg>
<doc>Runs the given keyword with the given arguments, if the test failed.</doc>
<status status="PASS" start="2025-05-19T15:22:01.572128" elapsed="0.000998"/>
</kw>
<kw name="Run Keyword If Test Failed" owner="BuiltIn">
<arg>Run Keyword And Ignore error</arg>
<arg>RPA.Desktop.Press Keys</arg>
<arg>Enter</arg>
<doc>Runs the given keyword with the given arguments, if the test failed.</doc>
<status status="PASS" start="2025-05-19T15:22:01.573126" elapsed="0.000998"/>
</kw>
<kw name="Run Keyword If Test Failed" owner="BuiltIn">
<arg>Run Keyword And Ignore error</arg>
<arg>RPA.Windows.Click</arg>
<arg>OK</arg>
<doc>Runs the given keyword with the given arguments, if the test failed.</doc>
<status status="PASS" start="2025-05-19T15:22:01.575120" elapsed="0.000997"/>
</kw>
<kw name="Set Anchor" owner="RPA.Windows">
<msg time="2025-05-19T15:22:01.578112" level="INFO">Getting element with locator: Aplicativo</msg>
<msg time="2025-05-19T15:22:01.610026" level="INFO">Resulted root element: WindowsElement(item=&lt;PaneControl ClassName='#32769' AutomationId= Rect=(0,0,1366,768)[1366x768] Name='Área de Trabalho 1' Handle=0x10010(65552)&gt;, locator=None, name='Área de Trabalho 1', automation_id='', control_type='PaneControl', class_name='#32769', left=0, right=1366, top=0, bottom=768, width=1366, height=768, xcenter=683, ycenter=384)</msg>
<msg time="2025-05-19T15:22:01.611023" level="INFO">Locator 'Aplicativo' produced matcher: MatchObject(locators=[('Name', 'Aplicativo', 0)], _classes=set(), max_level=0)</msg>
<msg time="2025-05-19T15:22:02.347227" level="INFO">Returning element: WindowsElement(item=&lt;MenuBarControl ClassName='' AutomationId=MenuBar Rect=(0,23,1366,42)[1366x19] Name='Aplicativo' Handle=0x0(0)&gt;, locator='Aplicativo', name='Aplicativo', automation_id='MenuBar', control_type='MenuBarControl', class_name='', left=0, right=1366, top=23, bottom=42, width=1366, height=19, xcenter=683, ycenter=32)</msg>
<arg>Aplicativo</arg>
<doc>Set anchor to an element specified by the locator.</doc>
<status status="PASS" start="2025-05-19T15:22:01.577114" elapsed="0.771110"/>
</kw>
<kw name="Run Keyword If Test Failed" owner="BuiltIn">
<arg>Run Keyword And Ignore error</arg>
<arg>RPA.Windows.Click</arg>
<arg>Fechar</arg>
<doc>Runs the given keyword with the given arguments, if the test failed.</doc>
<status status="PASS" start="2025-05-19T15:22:02.349221" elapsed="0.000998"/>
</kw>
<kw name="Clear Anchor" owner="RPA.Windows">
<doc>Clears control anchor set by ``Set Anchor``</doc>
<status status="PASS" start="2025-05-19T15:22:02.350219" elapsed="0.002000"/>
</kw>
<kw name="Run Keyword If Test Failed" owner="BuiltIn">
<arg>Run Keyword And Ignore error</arg>
<arg>RPA.Windows.Click</arg>
<arg>Sim</arg>
<doc>Runs the given keyword with the given arguments, if the test failed.</doc>
<status status="PASS" start="2025-05-19T15:22:02.353212" elapsed="0.000998"/>
</kw>
<arg>${Caminho_Screenshots}</arg>
<arg>Papel de Parede</arg>
<status status="PASS" start="2025-05-19T15:21:58.530353" elapsed="3.823857"/>
</kw>
<status status="PASS" start="2025-05-19T15:21:52.161487" elapsed="10.196712"/>
</test>
<test id="s1-t3" name="Configurar Menu Pincipal" line="37">
<kw name="Utilitários">
<kw name="Cadastros" owner="BaseDesktop">
<kw name="Click" owner="SikuliLibrary">
<msg time="2025-05-19T15:22:03.640261" level="INFO" html="true">&lt;img src='sikuli_captured/sikuliximage-1747678922806.png'/&gt;
[log] CLICK on L[32,33]@S(0) (581 msec)</msg>
<arg>Cadastros.png</arg>
<doc>Click</doc>
<status status="PASS" start="2025-05-19T15:22:02.369170" elapsed="1.272086"/>
</kw>
<status status="PASS" start="2025-05-19T15:22:02.367176" elapsed="1.274080"/>
</kw>
<kw name="repetidor de teclas" owner="BaseDesktop">
<for flavor="IN RANGE">
<iter>
<kw name="Press Keys" owner="RPA.Desktop">
<msg time="2025-05-19T15:22:03.644247" level="INFO">Pressing keys: Key.right</msg>
<arg>${tecla}</arg>
<doc>Press multiple keys down simultaneously.</doc>
<status status="PASS" start="2025-05-19T15:22:03.643250" elapsed="0.006983"/>
</kw>
<var name="${quantidade_de_clicks}">1</var>
<status status="PASS" start="2025-05-19T15:22:03.643250" elapsed="0.007981"/>
</iter>
<iter>
<kw name="Press Keys" owner="RPA.Desktop">
<msg time="2025-05-19T15:22:03.655221" level="INFO">Pressing keys: Key.right</msg>
<arg>${tecla}</arg>
<doc>Press multiple keys down simultaneously.</doc>
<status status="PASS" start="2025-05-19T15:22:03.653225" elapsed="0.099684"/>
</kw>
<var name="${quantidade_de_clicks}">2</var>
<status status="PASS" start="2025-05-19T15:22:03.652229" elapsed="0.101678"/>
</iter>
<iter>
<kw name="Press Keys" owner="RPA.Desktop">
<msg time="2025-05-19T15:22:03.756899" level="INFO">Pressing keys: Key.right</msg>
<arg>${tecla}</arg>
<doc>Press multiple keys down simultaneously.</doc>
<status status="PASS" start="2025-05-19T15:22:03.755902" elapsed="0.107071"/>
</kw>
<var name="${quantidade_de_clicks}">3</var>
<status status="PASS" start="2025-05-19T15:22:03.754906" elapsed="0.109065"/>
</iter>
<iter>
<kw name="Press Keys" owner="RPA.Desktop">
<msg time="2025-05-19T15:22:03.869962" level="INFO">Pressing keys: Key.right</msg>
<arg>${tecla}</arg>
<doc>Press multiple keys down simultaneously.</doc>
<status status="PASS" start="2025-05-19T15:22:03.867961" elapsed="0.102801"/>
</kw>
<var name="${quantidade_de_clicks}">4</var>
<status status="PASS" start="2025-05-19T15:22:03.864966" elapsed="0.105796"/>
</iter>
<iter>
<kw name="Press Keys" owner="RPA.Desktop">
<msg time="2025-05-19T15:22:03.973752" level="INFO">Pressing keys: Key.right</msg>
<arg>${tecla}</arg>
<doc>Press multiple keys down simultaneously.</doc>
<status status="PASS" start="2025-05-19T15:22:03.972756" elapsed="0.105376"/>
</kw>
<var name="${quantidade_de_clicks}">5</var>
<status status="PASS" start="2025-05-19T15:22:03.971760" elapsed="0.107370"/>
</iter>
<var>${quantidade_de_clicks}</var>
<value>1</value>
<value>${quantidade_de_clicks}+1</value>
<status status="PASS" start="2025-05-19T15:22:03.642253" elapsed="0.437876"/>
</for>
<arg>right</arg>
<arg>5</arg>
<status status="PASS" start="2025-05-19T15:22:03.642253" elapsed="0.437876"/>
</kw>
<status status="PASS" start="2025-05-19T15:22:02.365184" elapsed="1.715940"/>
</kw>
<kw name="Click" owner="RPA.Windows">
<msg time="2025-05-19T15:22:04.085113" level="INFO">Getting element with locator: Configurar Menu Principal</msg>
<msg time="2025-05-19T15:22:04.109049" level="INFO">Resulted root element: WindowsElement(item=&lt;PaneControl ClassName='#32769' AutomationId= Rect=(0,0,1366,768)[1366x768] Name='Área de Trabalho 1' Handle=0x10010(65552)&gt;, locator=None, name='Área de Trabalho 1', automation_id='', control_type='PaneControl', class_name='#32769', left=0, right=1366, top=0, bottom=768, width=1366, height=768, xcenter=683, ycenter=384)</msg>
<msg time="2025-05-19T15:22:04.109049" level="INFO">Locator 'Configurar Menu Principal' produced matcher: MatchObject(locators=[('Name', 'Configurar Menu Principal', 0)], _classes=set(), max_level=0)</msg>
<msg time="2025-05-19T15:22:04.366359" level="INFO">Returning element: WindowsElement(item=&lt;MenuItemControl ClassName='' AutomationId=9 Rect=(324,103,607,125)[283x22] Name='Configurar Menu Principal' Handle=0x0(0)&gt;, locator='Configurar Menu Principal', name='Configurar Menu Principal', automation_id='9', control_type='MenuItemControl', class_name='', left=324, right=607, top=103, bottom=125, width=283, height=22, xcenter=465, ycenter=114)</msg>
<arg>Configurar Menu Principal</arg>
<tag>action</tag>
<tag>mouse</tag>
<doc>Mouse click on element matching given locator.</doc>
<status status="PASS" start="2025-05-19T15:22:04.083119" elapsed="0.470341"/>
</kw>
<kw name="Get Text" owner="RPA.Windows">
<msg time="2025-05-19T15:22:04.579267" level="INFO">Getting element with locator: Configurador de Menus (1)</msg>
<msg time="2025-05-19T15:22:04.594226" level="INFO">Resulted root element: WindowsElement(item=&lt;PaneControl ClassName='#32769' AutomationId= Rect=(0,0,1366,768)[1366x768] Name='Área de Trabalho 1' Handle=0x10010(65552)&gt;, locator=None, name='Área de Trabalho 1', automation_id='', control_type='PaneControl', class_name='#32769', left=0, right=1366, top=0, bottom=768, width=1366, height=768, xcenter=683, ycenter=384)</msg>
<msg time="2025-05-19T15:22:04.595226" level="INFO">Locator 'Configurador de Menus (1)' produced matcher: MatchObject(locators=[('Name', 'Configurador de Menus (1)', 0)], _classes=set(), max_level=0)</msg>
<msg time="2025-05-19T15:22:05.345123" level="INFO">Returning element: WindowsElement(item=&lt;WindowControl ClassName='TfrmConfiguradorMenus' AutomationId=65280 Rect=(-8,55,1374,716)[1382x661] Name='Configurador de Menus (1)' Handle=0xB40A4C(11799116)&gt;, locator='Configurador de Menus (1)', name='Configurador de Menus (1)', automation_id='65280', control_type='WindowControl', class_name='TfrmConfiguradorMenus', left=-8, right=1374, top=55, bottom=716, width=1382, height=661, xcenter=683, ycenter=385)</msg>
<arg>Configurador de Menus (1)</arg>
<tag>action</tag>
<doc>Get text from Control element defined by the locator.</doc>
<status status="PASS" start="2025-05-19T15:22:04.577271" elapsed="0.770842"/>
</kw>
<kw name="Press Keys" owner="RPA.Desktop">
<msg time="2025-05-19T15:22:05.351106" level="INFO">Pressing keys: '0'</msg>
<arg>0</arg>
<doc>Press multiple keys down simultaneously.</doc>
<status status="PASS" start="2025-05-19T15:22:05.350109" elapsed="0.002991"/>
</kw>
<kw name="Press Keys" owner="RPA.Desktop">
<msg time="2025-05-19T15:22:05.357090" level="INFO">Pressing keys: Key.enter</msg>
<arg>Enter</arg>
<doc>Press multiple keys down simultaneously.</doc>
<status status="PASS" start="2025-05-19T15:22:05.356094" elapsed="0.110279"/>
</kw>
<kw name="Screenshot" owner="BaseDesktop">
<kw name="Screenshot" owner="RPA.Windows">
<msg time="2025-05-19T15:22:05.472353" level="INFO">Getting element with locator: Configurador de Menus (1)</msg>
<msg time="2025-05-19T15:22:05.488308" level="INFO">Resulted root element: WindowsElement(item=&lt;PaneControl ClassName='#32769' AutomationId= Rect=(0,0,1366,768)[1366x768] Name='Área de Trabalho 1' Handle=0x10010(65552)&gt;, locator=None, name='Área de Trabalho 1', automation_id='', control_type='PaneControl', class_name='#32769', left=0, right=1366, top=0, bottom=768, width=1366, height=768, xcenter=683, ycenter=384)</msg>
<msg time="2025-05-19T15:22:05.489308" level="INFO">Locator 'Configurador de Menus (1)' produced matcher: MatchObject(locators=[('Name', 'Configurador de Menus (1)', 0)], _classes=set(), max_level=0)</msg>
<msg time="2025-05-19T15:22:06.126842" level="INFO">Returning element: WindowsElement(item=&lt;WindowControl ClassName='TfrmConfiguradorMenus' AutomationId=65280 Rect=(-8,55,1374,716)[1382x661] Name='Configurador de Menus (1)' Handle=0xB40A4C(11799116)&gt;, locator='Configurador de Menus (1)', name='Configurador de Menus (1)', automation_id='65280', control_type='WindowControl', class_name='TfrmConfiguradorMenus', left=-8, right=1374, top=55, bottom=716, width=1382, height=661, xcenter=683, ycenter=385)</msg>
<arg>${janela}</arg>
<arg>${Caminho}.png</arg>
<tag>action</tag>
<doc>Take a screenshot of the element defined by the locator.</doc>
<status status="PASS" start="2025-05-19T15:22:05.470360" elapsed="0.737264"/>
</kw>
<arg>Configurador de Menus (1)</arg>
<arg>${Caminho_Screenshots}Configurar Barra de Atalhos</arg>
<status status="PASS" start="2025-05-19T15:22:05.469359" elapsed="0.739264"/>
</kw>
<kw name="Click" owner="RPA.Windows">
<msg time="2025-05-19T15:22:06.213609" level="INFO">Getting element with locator: Confirmar</msg>
<msg time="2025-05-19T15:22:06.225576" level="INFO">Resulted root element: WindowsElement(item=&lt;PaneControl ClassName='#32769' AutomationId= Rect=(0,0,1366,768)[1366x768] Name='Área de Trabalho 1' Handle=0x10010(65552)&gt;, locator=None, name='Área de Trabalho 1', automation_id='', control_type='PaneControl', class_name='#32769', left=0, right=1366, top=0, bottom=768, width=1366, height=768, xcenter=683, ycenter=384)</msg>
<msg time="2025-05-19T15:22:06.226575" level="INFO">Locator 'Confirmar' produced matcher: MatchObject(locators=[('Name', 'Confirmar', 0)], _classes=set(), max_level=0)</msg>
<msg time="2025-05-19T15:22:06.518745" level="INFO">Returning element: WindowsElement(item=&lt;ButtonControl ClassName='TBitBtn' AutomationId=11012840 Rect=(903,594,1003,620)[100x26] Name='Confirmar' Handle=0xA80AE8(11012840)&gt;, locator='Confirmar', name='Confirmar', automation_id='11012840', control_type='ButtonControl', class_name='TBitBtn', left=903, right=1003, top=594, bottom=620, width=100, height=26, xcenter=953, ycenter=607)</msg>
<arg>Confirmar</arg>
<tag>action</tag>
<tag>mouse</tag>
<doc>Mouse click on element matching given locator.</doc>
<status status="PASS" start="2025-05-19T15:22:06.211614" elapsed="0.480385"/>
</kw>
<kw name="Fechar janela" owner="BaseDesktop">
<kw name="Run Keyword And Ignore Error" owner="BuiltIn">
<kw name="Click" owner="RPA.Windows">
<msg time="2025-05-19T15:22:06.852203" level="INFO">Getting element with locator: Maximizar</msg>
<msg time="2025-05-19T15:22:06.872151" level="INFO">Resulted root element: WindowsElement(item=&lt;PaneControl ClassName='#32769' AutomationId= Rect=(0,0,1366,768)[1366x768] Name='Área de Trabalho 1' Handle=0x10010(65552)&gt;, locator=None, name='Área de Trabalho 1', automation_id='', control_type='PaneControl', class_name='#32769', left=0, right=1366, top=0, bottom=768, width=1366, height=768, xcenter=683, ycenter=384)</msg>
<msg time="2025-05-19T15:22:06.873153" level="INFO">Locator 'Maximizar' produced matcher: MatchObject(locators=[('Name', 'Maximizar', 0)], _classes=set(), max_level=0)</msg>
<msg time="2025-05-19T15:22:09.636546" level="INFO">Returning element: WindowsElement(item=&lt;ButtonControl ClassName='' AutomationId= Rect=(0,0,0,0)[0x0] Name='Maximizar' Handle=0x0(0)&gt;, locator='Maximizar', name='Maximizar', automation_id='', control_type='ButtonControl', class_name='', left=0, right=0, top=0, bottom=0, width=0, height=0, xcenter=0, ycenter=0)</msg>
<msg time="2025-05-19T15:22:09.638542" level="FAIL">ActionNotPossible: Element WindowsElement(item=&lt;ButtonControl ClassName='' AutomationId= Rect=(0,0,0,0)[0x0] Name='Maximizar' Handle=0x0(0)&gt;, locator='Maximizar', name='Maximizar', automation_id='', control_type='ButtonControl', class_name='', left=0, right=0, top=0, bottom=0, width=0, height=0, xcenter=0, ycenter=0) is not visible for clicking, use a string locator and ensure the root window is in focus</msg>
<arg>Maximizar</arg>
<tag>action</tag>
<tag>mouse</tag>
<doc>Mouse click on element matching given locator.</doc>
<status status="FAIL" start="2025-05-19T15:22:06.850210" elapsed="2.789330">ActionNotPossible: Element WindowsElement(item=&lt;ButtonControl ClassName='' AutomationId= Rect=(0,0,0,0)[0x0] Name='Maximizar' Handle=0x0(0)&gt;, locator='Maximizar', name='Maximizar', automation_id='', control_type='ButtonControl', class_name='', left=0, right=0, top=0, bottom=0, width=0, height=0, xcenter=0, ycenter=0) is not visible for clicking, use a string locator and ensure the root window is in focus</status>
</kw>
<arg>RPA.Windows.Click</arg>
<arg>Maximizar</arg>
<doc>Runs the given keyword with the given arguments and ignores possible error.</doc>
<status status="PASS" start="2025-05-19T15:22:06.848215" elapsed="2.792323"/>
</kw>
<kw name="Set Anchor" owner="RPA.Windows">
<msg time="2025-05-19T15:22:09.642537" level="INFO">Getting element with locator: Aplicativo</msg>
<msg time="2025-05-19T15:22:09.653503" level="INFO">Resulted root element: WindowsElement(item=&lt;PaneControl ClassName='#32769' AutomationId= Rect=(0,0,1366,768)[1366x768] Name='Área de Trabalho 1' Handle=0x10010(65552)&gt;, locator=None, name='Área de Trabalho 1', automation_id='', control_type='PaneControl', class_name='#32769', left=0, right=1366, top=0, bottom=768, width=1366, height=768, xcenter=683, ycenter=384)</msg>
<msg time="2025-05-19T15:22:09.653503" level="INFO">Locator 'Aplicativo' produced matcher: MatchObject(locators=[('Name', 'Aplicativo', 0)], _classes=set(), max_level=0)</msg>
<msg time="2025-05-19T15:22:10.528660" level="INFO">Returning element: WindowsElement(item=&lt;MenuBarControl ClassName='' AutomationId=MenuBar Rect=(0,23,1366,42)[1366x19] Name='Aplicativo' Handle=0x0(0)&gt;, locator='Aplicativo', name='Aplicativo', automation_id='MenuBar', control_type='MenuBarControl', class_name='', left=0, right=1366, top=23, bottom=42, width=1366, height=19, xcenter=683, ycenter=32)</msg>
<arg>Aplicativo</arg>
<doc>Set anchor to an element specified by the locator.</doc>
<status status="PASS" start="2025-05-19T15:22:09.641536" elapsed="0.888121"/>
</kw>
<kw name="Click" owner="RPA.Windows">
<msg time="2025-05-19T15:22:10.530655" level="INFO">Getting element with locator: Fechar</msg>
<msg time="2025-05-19T15:22:10.540629" level="INFO">Resulted root element: WindowsElement(item=&lt;MenuBarControl ClassName='' AutomationId=MenuBar Rect=(0,23,1366,42)[1366x19] Name='Aplicativo' Handle=0x0(0)&gt;, locator='Aplicativo', name='Aplicativo', automation_id='MenuBar', control_type='MenuBarControl', class_name='', left=0, right=1366, top=23, bottom=42, width=1366, height=19, xcenter=683, ycenter=32)</msg>
<msg time="2025-05-19T15:22:10.541627" level="INFO">Locator 'Fechar' produced matcher: MatchObject(locators=[('Name', 'Fechar', 0)], _classes=set(), max_level=0)</msg>
<msg time="2025-05-19T15:22:11.202223" level="INFO">Returning element: WindowsElement(item=&lt;ButtonControl ClassName='' AutomationId= Rect=(1347,23,1366,42)[19x19] Name='Fechar' Handle=0x0(0)&gt;, locator='Fechar', name='Fechar', automation_id='', control_type='ButtonControl', class_name='', left=1347, right=1366, top=23, bottom=42, width=19, height=19, xcenter=1356, ycenter=32)</msg>
<arg>Fechar</arg>
<tag>action</tag>
<tag>mouse</tag>
<doc>Mouse click on element matching given locator.</doc>
<status status="PASS" start="2025-05-19T15:22:10.529657" elapsed="0.859963"/>
</kw>
<kw name="Clear Anchor" owner="RPA.Windows">
<doc>Clears control anchor set by ``Set Anchor``</doc>
<status status="PASS" start="2025-05-19T15:22:11.391505" elapsed="0.001990"/>
</kw>
<status status="PASS" start="2025-05-19T15:22:06.846222" elapsed="4.548273"/>
</kw>
<kw name="Click" owner="RPA.Windows">
<msg time="2025-05-19T15:22:11.397484" level="INFO">Getting element with locator: Sim</msg>
<msg time="2025-05-19T15:22:11.409455" level="INFO">Resulted root element: WindowsElement(item=&lt;PaneControl ClassName='#32769' AutomationId= Rect=(0,0,1366,768)[1366x768] Name='Área de Trabalho 1' Handle=0x10010(65552)&gt;, locator=None, name='Área de Trabalho 1', automation_id='', control_type='PaneControl', class_name='#32769', left=0, right=1366, top=0, bottom=768, width=1366, height=768, xcenter=683, ycenter=384)</msg>
<msg time="2025-05-19T15:22:11.410449" level="INFO">Locator 'Sim' produced matcher: MatchObject(locators=[('Name', 'Sim', 0)], _classes=set(), max_level=0)</msg>
<msg time="2025-05-19T15:22:11.648041" level="INFO">Returning element: WindowsElement(item=&lt;ButtonControl ClassName='TBitBtn' AutomationId=18877346 Rect=(591,390,666,415)[75x25] Name='Sim' Handle=0x1200BA2(18877346)&gt;, locator='Sim', name='Sim', automation_id='18877346', control_type='ButtonControl', class_name='TBitBtn', left=591, right=666, top=390, bottom=415, width=75, height=25, xcenter=628, ycenter=402)</msg>
<arg>Sim</arg>
<tag>action</tag>
<tag>mouse</tag>
<doc>Mouse click on element matching given locator.</doc>
<status status="PASS" start="2025-05-19T15:22:11.395489" elapsed="0.435275"/>
</kw>
<kw name="Caso aconteça erro" owner="BaseDesktop" type="TEARDOWN">
<kw name="Set Global Timeout" owner="RPA.Windows">
<arg>0.5</arg>
<tag>action</tag>
<doc>Set global timeout for element search. Applies also
to ``Control Window`` keyword.</doc>
<status status="PASS" start="2025-05-19T15:22:12.016908" elapsed="0.001998"/>
</kw>
<kw name="Set Wait Time" owner="RPA.Windows">
<msg time="2025-05-19T15:22:12.020897" level="INFO">Previous wait time: 0.100000</msg>
<msg time="2025-05-19T15:22:12.021896" level="INFO">Current wait time: 0.100000</msg>
<arg>0.1</arg>
<tag>action</tag>
<doc>Set library wait time for action keywords.</doc>
<status status="PASS" start="2025-05-19T15:22:12.019900" elapsed="0.002993"/>
</kw>
<kw name="Run Keyword And Ignore Error" owner="BuiltIn">
<kw name="Get Text" owner="RPA.Windows">
<msg time="2025-05-19T15:22:12.026889" level="INFO">Getting element with locator: Erro</msg>
<msg time="2025-05-19T15:22:12.065776" level="INFO">Resulted root element: WindowsElement(item=&lt;PaneControl ClassName='#32769' AutomationId= Rect=(0,0,1366,768)[1366x768] Name='Área de Trabalho 1' Handle=0x10010(65552)&gt;, locator=None, name='Área de Trabalho 1', automation_id='', control_type='PaneControl', class_name='#32769', left=0, right=1366, top=0, bottom=768, width=1366, height=768, xcenter=683, ycenter=384)</msg>
<msg time="2025-05-19T15:22:12.066773" level="INFO">Locator 'Erro' produced matcher: MatchObject(locators=[('Name', 'Erro', 0)], _classes=set(), max_level=0)</msg>
<msg time="2025-05-19T15:22:20.017683" level="INFO">2025-05-19 15:22:20.016 locators.py[278] _get_control_from_params -&gt; Find Control Timeout(0.5s): {Name: 'Erro'}</msg>
<msg time="2025-05-19T15:22:20.017683" level="FAIL">ElementNotFound: Element not found with locator 'Erro'</msg>
<arg>Erro</arg>
<tag>action</tag>
<doc>Get text from Control element defined by the locator.</doc>
<status status="FAIL" start="2025-05-19T15:22:12.024890" elapsed="7.994791">ElementNotFound: Element not found with locator 'Erro'</status>
</kw>
<msg time="2025-05-19T15:22:20.020678" level="INFO">${Erro} = ('FAIL', "ElementNotFound: Element not found with locator 'Erro'")</msg>
<var>${Erro}</var>
<arg>RPA.Windows.Get Text</arg>
<arg>Erro</arg>
<doc>Runs the given keyword with the given arguments and ignores possible error.</doc>
<status status="PASS" start="2025-05-19T15:22:12.023889" elapsed="7.996789"/>
</kw>
<if>
<branch type="IF" condition="${Erro} != ('FAIL', &quot;ElementNotFound: Element not found with locator 'Erro'&quot;)">
<kw name="Fail" owner="BuiltIn">
<arg>Ocorreu um erro ao tentar clicar no campo em tela ou fechar a janela.</arg>
<doc>Fails the test with the given message and optionally alters its tags.</doc>
<status status="NOT RUN" start="2025-05-19T15:22:20.022673" elapsed="0.000996"/>
</kw>
<status status="NOT RUN" start="2025-05-19T15:22:20.021673" elapsed="0.001996"/>
</branch>
<status status="PASS" start="2025-05-19T15:22:20.021673" elapsed="0.001996"/>
</if>
<kw name="Run Keyword If Test Failed" owner="BuiltIn">
<arg>Run Keyword And Ignore error</arg>
<arg>RPA.Windows.Click</arg>
<arg>Maximizar</arg>
<doc>Runs the given keyword with the given arguments, if the test failed.</doc>
<status status="PASS" start="2025-05-19T15:22:20.024700" elapsed="0.000000"/>
</kw>
<kw name="Run Keyword If Test Failed" owner="BuiltIn">
<arg>Run Keyword And Ignore error</arg>
<arg>Remove File</arg>
<arg>${Caminho_Screenshots}${nome_print}.png</arg>
<doc>Runs the given keyword with the given arguments, if the test failed.</doc>
<status status="PASS" start="2025-05-19T15:22:20.024700" elapsed="0.001002"/>
</kw>
<kw name="Run Keyword If Test Failed" owner="BuiltIn">
<arg>Take Screenshot</arg>
<arg>${Caminho_Screenshots}Erro ${nome_print}.png</arg>
<doc>Runs the given keyword with the given arguments, if the test failed.</doc>
<status status="PASS" start="2025-05-19T15:22:20.025702" elapsed="0.000992"/>
</kw>
<kw name="Run Keyword If Test Failed" owner="BuiltIn">
<arg>Run Keyword And Ignore error</arg>
<arg>RPA.Windows.Click</arg>
<arg>Cancelar</arg>
<doc>Runs the given keyword with the given arguments, if the test failed.</doc>
<status status="PASS" start="2025-05-19T15:22:20.026694" elapsed="0.000000"/>
</kw>
<kw name="Run Keyword If Test Failed" owner="BuiltIn">
<arg>Run Keyword And Ignore error</arg>
<arg>RPA.Desktop.Press Keys</arg>
<arg>Enter</arg>
<doc>Runs the given keyword with the given arguments, if the test failed.</doc>
<status status="PASS" start="2025-05-19T15:22:20.027690" elapsed="0.000000"/>
</kw>
<kw name="Run Keyword If Test Failed" owner="BuiltIn">
<arg>Run Keyword And Ignore error</arg>
<arg>RPA.Windows.Click</arg>
<arg>OK</arg>
<doc>Runs the given keyword with the given arguments, if the test failed.</doc>
<status status="PASS" start="2025-05-19T15:22:20.028689" elapsed="0.000000"/>
</kw>
<kw name="Set Anchor" owner="RPA.Windows">
<msg time="2025-05-19T15:22:20.029684" level="INFO">Getting element with locator: Aplicativo</msg>
<msg time="2025-05-19T15:22:20.043615" level="INFO">Resulted root element: WindowsElement(item=&lt;PaneControl ClassName='#32769' AutomationId= Rect=(0,0,1366,768)[1366x768] Name='Área de Trabalho 1' Handle=0x10010(65552)&gt;, locator=None, name='Área de Trabalho 1', automation_id='', control_type='PaneControl', class_name='#32769', left=0, right=1366, top=0, bottom=768, width=1366, height=768, xcenter=683, ycenter=384)</msg>
<msg time="2025-05-19T15:22:20.044612" level="INFO">Locator 'Aplicativo' produced matcher: MatchObject(locators=[('Name', 'Aplicativo', 0)], _classes=set(), max_level=0)</msg>
<msg time="2025-05-19T15:22:20.773280" level="INFO">Returning element: WindowsElement(item=&lt;MenuBarControl ClassName='' AutomationId=MenuBar Rect=(0,23,1366,42)[1366x19] Name='Aplicativo' Handle=0x0(0)&gt;, locator='Aplicativo', name='Aplicativo', automation_id='MenuBar', control_type='MenuBarControl', class_name='', left=0, right=1366, top=23, bottom=42, width=1366, height=19, xcenter=683, ycenter=32)</msg>
<arg>Aplicativo</arg>
<doc>Set anchor to an element specified by the locator.</doc>
<status status="PASS" start="2025-05-19T15:22:20.028689" elapsed="0.745588"/>
</kw>
<kw name="Run Keyword If Test Failed" owner="BuiltIn">
<arg>Run Keyword And Ignore error</arg>
<arg>RPA.Windows.Click</arg>
<arg>Fechar</arg>
<doc>Runs the given keyword with the given arguments, if the test failed.</doc>
<status status="PASS" start="2025-05-19T15:22:20.774277" elapsed="0.000998"/>
</kw>
<kw name="Clear Anchor" owner="RPA.Windows">
<doc>Clears control anchor set by ``Set Anchor``</doc>
<status status="PASS" start="2025-05-19T15:22:20.775275" elapsed="0.000997"/>
</kw>
<kw name="Run Keyword If Test Failed" owner="BuiltIn">
<arg>Run Keyword And Ignore error</arg>
<arg>RPA.Windows.Click</arg>
<arg>Sim</arg>
<doc>Runs the given keyword with the given arguments, if the test failed.</doc>
<status status="PASS" start="2025-05-19T15:22:20.777270" elapsed="0.000999"/>
</kw>
<arg>${Caminho_Screenshots}</arg>
<arg>Configurar Barra de Atalhos</arg>
<status status="PASS" start="2025-05-19T15:22:12.014915" elapsed="8.763354"/>
</kw>
<status status="PASS" start="2025-05-19T15:22:02.363196" elapsed="18.418064"/>
</test>
<test id="s1-t4" name="Configurar Barra de Atalhos" line="49">
<kw name="Utilitários">
<kw name="Cadastros" owner="BaseDesktop">
<kw name="Click" owner="SikuliLibrary">
<msg time="2025-05-19T15:22:21.862466" level="INFO" html="true">&lt;img src='sikuli_captured/sikuliximage-1747678941059.png'/&gt;
[log] CLICK on L[32,33]@S(0) (597 msec)</msg>
<arg>Cadastros.png</arg>
<doc>Click</doc>
<status status="PASS" start="2025-05-19T15:22:20.789240" elapsed="1.073226"/>
</kw>
<status status="PASS" start="2025-05-19T15:22:20.788243" elapsed="1.075221"/>
</kw>
<kw name="repetidor de teclas" owner="BaseDesktop">
<for flavor="IN RANGE">
<iter>
<kw name="Press Keys" owner="RPA.Desktop">
<msg time="2025-05-19T15:22:21.870446" level="INFO">Pressing keys: Key.right</msg>
<arg>${tecla}</arg>
<doc>Press multiple keys down simultaneously.</doc>
<status status="PASS" start="2025-05-19T15:22:21.868454" elapsed="0.005981"/>
</kw>
<var name="${quantidade_de_clicks}">1</var>
<status status="PASS" start="2025-05-19T15:22:21.868454" elapsed="0.006978"/>
</iter>
<iter>
<kw name="Press Keys" owner="RPA.Desktop">
<msg time="2025-05-19T15:22:21.878424" level="INFO">Pressing keys: Key.right</msg>
<arg>${tecla}</arg>
<doc>Press multiple keys down simultaneously.</doc>
<status status="PASS" start="2025-05-19T15:22:21.877427" elapsed="0.111861"/>
</kw>
<var name="${quantidade_de_clicks}">2</var>
<status status="PASS" start="2025-05-19T15:22:21.875432" elapsed="0.114855"/>
</iter>
<iter>
<kw name="Press Keys" owner="RPA.Desktop">
<msg time="2025-05-19T15:22:21.993280" level="INFO">Pressing keys: Key.right</msg>
<arg>${tecla}</arg>
<doc>Press multiple keys down simultaneously.</doc>
<status status="PASS" start="2025-05-19T15:22:21.991285" elapsed="0.104717"/>
</kw>
<var name="${quantidade_de_clicks}">3</var>
<status status="PASS" start="2025-05-19T15:22:21.990287" elapsed="0.106715"/>
</iter>
<iter>
<kw name="Press Keys" owner="RPA.Desktop">
<msg time="2025-05-19T15:22:22.100990" level="INFO">Pressing keys: Key.right</msg>
<arg>${tecla}</arg>
<doc>Press multiple keys down simultaneously.</doc>
<status status="PASS" start="2025-05-19T15:22:22.099992" elapsed="0.105525"/>
</kw>
<var name="${quantidade_de_clicks}">4</var>
<status status="PASS" start="2025-05-19T15:22:22.097998" elapsed="0.108518"/>
</iter>
<iter>
<kw name="Press Keys" owner="RPA.Desktop">
<msg time="2025-05-19T15:22:22.208510" level="INFO">Pressing keys: Key.right</msg>
<arg>${tecla}</arg>
<doc>Press multiple keys down simultaneously.</doc>
<status status="PASS" start="2025-05-19T15:22:22.207512" elapsed="0.112592"/>
</kw>
<var name="${quantidade_de_clicks}">5</var>
<status status="PASS" start="2025-05-19T15:22:22.206516" elapsed="0.115587"/>
</iter>
<var>${quantidade_de_clicks}</var>
<value>1</value>
<value>${quantidade_de_clicks}+1</value>
<status status="PASS" start="2025-05-19T15:22:21.866456" elapsed="0.456643"/>
</for>
<arg>right</arg>
<arg>5</arg>
<status status="PASS" start="2025-05-19T15:22:21.864463" elapsed="0.459633"/>
</kw>
<status status="PASS" start="2025-05-19T15:22:20.786245" elapsed="1.537851"/>
</kw>
<kw name="Click" owner="RPA.Windows">
<msg time="2025-05-19T15:22:22.333072" level="INFO">Getting element with locator: Configurar Barra de Atalhos</msg>
<msg time="2025-05-19T15:22:22.367977" level="INFO">Resulted root element: WindowsElement(item=&lt;PaneControl ClassName='#32769' AutomationId= Rect=(0,0,1366,768)[1366x768] Name='Área de Trabalho 1' Handle=0x10010(65552)&gt;, locator=None, name='Área de Trabalho 1', automation_id='', control_type='PaneControl', class_name='#32769', left=0, right=1366, top=0, bottom=768, width=1366, height=768, xcenter=683, ycenter=384)</msg>
<msg time="2025-05-19T15:22:22.368973" level="INFO">Locator 'Configurar Barra de Atalhos' produced matcher: MatchObject(locators=[('Name', 'Configurar Barra de Atalhos', 0)], _classes=set(), max_level=0)</msg>
<msg time="2025-05-19T15:22:22.625913" level="INFO">Returning element: WindowsElement(item=&lt;MenuItemControl ClassName='' AutomationId=10 Rect=(324,125,607,147)[283x22] Name='Configurar Barra de Atalhos' Handle=0x0(0)&gt;, locator='Configurar Barra de Atalhos', name='Configurar Barra de Atalhos', automation_id='10', control_type='MenuItemControl', class_name='', left=324, right=607, top=125, bottom=147, width=283, height=22, xcenter=465, ycenter=136)</msg>
<arg>Configurar Barra de Atalhos</arg>
<tag>action</tag>
<tag>mouse</tag>
<doc>Mouse click on element matching given locator.</doc>
<status status="PASS" start="2025-05-19T15:22:22.329083" elapsed="0.470214"/>
</kw>
<kw name="Get Text" owner="RPA.Windows">
<msg time="2025-05-19T15:22:23.154023" level="INFO">Getting element with locator: Configurador de Atalhos (1)</msg>
<msg time="2025-05-19T15:22:23.167985" level="INFO">Resulted root element: WindowsElement(item=&lt;PaneControl ClassName='#32769' AutomationId= Rect=(0,0,1366,768)[1366x768] Name='Área de Trabalho 1' Handle=0x10010(65552)&gt;, locator=None, name='Área de Trabalho 1', automation_id='', control_type='PaneControl', class_name='#32769', left=0, right=1366, top=0, bottom=768, width=1366, height=768, xcenter=683, ycenter=384)</msg>
<msg time="2025-05-19T15:22:23.169980" level="INFO">Locator 'Configurador de Atalhos (1)' produced matcher: MatchObject(locators=[('Name', 'Configurador de Atalhos (1)', 0)], _classes=set(), max_level=0)</msg>
<msg time="2025-05-19T15:22:23.595909" level="INFO">Returning element: WindowsElement(item=&lt;WindowControl ClassName='TfrmConfiguradorAtalhos' AutomationId=65280 Rect=(-8,55,1374,716)[1382x661] Name='Configurador de Atalhos (1)' Handle=0x152027E(22151806)&gt;, locator='Configurador de Atalhos (1)', name='Configurador de Atalhos (1)', automation_id='65280', control_type='WindowControl', class_name='TfrmConfiguradorAtalhos', left=-8, right=1374, top=55, bottom=716, width=1382, height=661, xcenter=683, ycenter=385)</msg>
<arg>Configurador de Atalhos (1)</arg>
<tag>action</tag>
<doc>Get text from Control element defined by the locator.</doc>
<status status="PASS" start="2025-05-19T15:22:23.153027" elapsed="0.445872"/>
</kw>
<kw name="Click" owner="RPA.Windows">
<msg time="2025-05-19T15:22:23.601892" level="INFO">Getting element with locator: Novo</msg>
<msg time="2025-05-19T15:22:23.610868" level="INFO">Resulted root element: WindowsElement(item=&lt;PaneControl ClassName='#32769' AutomationId= Rect=(0,0,1366,768)[1366x768] Name='Área de Trabalho 1' Handle=0x10010(65552)&gt;, locator=None, name='Área de Trabalho 1', automation_id='', control_type='PaneControl', class_name='#32769', left=0, right=1366, top=0, bottom=768, width=1366, height=768, xcenter=683, ycenter=384)</msg>
<msg time="2025-05-19T15:22:23.610868" level="INFO">Locator 'Novo' produced matcher: MatchObject(locators=[('Name', 'Novo', 0)], _classes=set(), max_level=0)</msg>
<msg time="2025-05-19T15:22:23.972900" level="INFO">Returning element: WindowsElement(item=&lt;ButtonControl ClassName='TBitBtn' AutomationId=13110916 Rect=(1,87,91,118)[90x31] Name='Novo' Handle=0xC80E84(13110916)&gt;, locator='Novo', name='Novo', automation_id='13110916', control_type='ButtonControl', class_name='TBitBtn', left=1, right=91, top=87, bottom=118, width=90, height=31, xcenter=46, ycenter=102)</msg>
<arg>Novo</arg>
<tag>action</tag>
<tag>mouse</tag>
<doc>Mouse click on element matching given locator.</doc>
<status status="PASS" start="2025-05-19T15:22:23.600895" elapsed="0.542468"/>
</kw>
<kw name="Screenshot" owner="BaseDesktop">
<kw name="Screenshot" owner="RPA.Windows">
<msg time="2025-05-19T15:22:24.251494" level="INFO">Getting element with locator: Configurador de Atalhos (1)</msg>
<msg time="2025-05-19T15:22:24.276431" level="INFO">Resulted root element: WindowsElement(item=&lt;PaneControl ClassName='#32769' AutomationId= Rect=(0,0,1366,768)[1366x768] Name='Área de Trabalho 1' Handle=0x10010(65552)&gt;, locator=None, name='Área de Trabalho 1', automation_id='', control_type='PaneControl', class_name='#32769', left=0, right=1366, top=0, bottom=768, width=1366, height=768, xcenter=683, ycenter=384)</msg>
<msg time="2025-05-19T15:22:24.277424" level="INFO">Locator 'Configurador de Atalhos (1)' produced matcher: MatchObject(locators=[('Name', 'Configurador de Atalhos (1)', 0)], _classes=set(), max_level=0)</msg>
<msg time="2025-05-19T15:22:24.635479" level="INFO">Returning element: WindowsElement(item=&lt;WindowControl ClassName='TfrmConfiguradorAtalhos' AutomationId=65280 Rect=(-8,55,1374,716)[1382x661] Name='Configurador de Atalhos (1)' Handle=0x152027E(22151806)&gt;, locator='Configurador de Atalhos (1)', name='Configurador de Atalhos (1)', automation_id='65280', control_type='WindowControl', class_name='TfrmConfiguradorAtalhos', left=-8, right=1374, top=55, bottom=716, width=1382, height=661, xcenter=683, ycenter=385)</msg>
<arg>${janela}</arg>
<arg>${Caminho}.png</arg>
<tag>action</tag>
<doc>Take a screenshot of the element defined by the locator.</doc>
<status status="PASS" start="2025-05-19T15:22:24.248504" elapsed="0.479727"/>
</kw>
<arg>Configurador de Atalhos (1)</arg>
<arg>${Caminho_Screenshots}Configurar Barra de Atalhos</arg>
<status status="PASS" start="2025-05-19T15:22:24.245510" elapsed="0.483720"/>
</kw>
<kw name="Fechar janela" owner="BaseDesktop">
<kw name="Run Keyword And Ignore Error" owner="BuiltIn">
<kw name="Click" owner="RPA.Windows">
<msg time="2025-05-19T15:22:24.735213" level="INFO">Getting element with locator: Maximizar</msg>
<msg time="2025-05-19T15:22:24.743191" level="INFO">Resulted root element: WindowsElement(item=&lt;PaneControl ClassName='#32769' AutomationId= Rect=(0,0,1366,768)[1366x768] Name='Área de Trabalho 1' Handle=0x10010(65552)&gt;, locator=None, name='Área de Trabalho 1', automation_id='', control_type='PaneControl', class_name='#32769', left=0, right=1366, top=0, bottom=768, width=1366, height=768, xcenter=683, ycenter=384)</msg>
<msg time="2025-05-19T15:22:24.744188" level="INFO">Locator 'Maximizar' produced matcher: MatchObject(locators=[('Name', 'Maximizar', 0)], _classes=set(), max_level=0)</msg>
<msg time="2025-05-19T15:22:26.970303" level="INFO">Returning element: WindowsElement(item=&lt;ButtonControl ClassName='' AutomationId= Rect=(0,0,0,0)[0x0] Name='Maximizar' Handle=0x0(0)&gt;, locator='Maximizar', name='Maximizar', automation_id='', control_type='ButtonControl', class_name='', left=0, right=0, top=0, bottom=0, width=0, height=0, xcenter=0, ycenter=0)</msg>
<msg time="2025-05-19T15:22:26.971299" level="FAIL">ActionNotPossible: Element WindowsElement(item=&lt;ButtonControl ClassName='' AutomationId= Rect=(0,0,0,0)[0x0] Name='Maximizar' Handle=0x0(0)&gt;, locator='Maximizar', name='Maximizar', automation_id='', control_type='ButtonControl', class_name='', left=0, right=0, top=0, bottom=0, width=0, height=0, xcenter=0, ycenter=0) is not visible for clicking, use a string locator and ensure the root window is in focus</msg>
<arg>Maximizar</arg>
<tag>action</tag>
<tag>mouse</tag>
<doc>Mouse click on element matching given locator.</doc>
<status status="FAIL" start="2025-05-19T15:22:24.733222" elapsed="2.239079">ActionNotPossible: Element WindowsElement(item=&lt;ButtonControl ClassName='' AutomationId= Rect=(0,0,0,0)[0x0] Name='Maximizar' Handle=0x0(0)&gt;, locator='Maximizar', name='Maximizar', automation_id='', control_type='ButtonControl', class_name='', left=0, right=0, top=0, bottom=0, width=0, height=0, xcenter=0, ycenter=0) is not visible for clicking, use a string locator and ensure the root window is in focus</status>
</kw>
<arg>RPA.Windows.Click</arg>
<arg>Maximizar</arg>
<doc>Runs the given keyword with the given arguments and ignores possible error.</doc>
<status status="PASS" start="2025-05-19T15:22:24.732223" elapsed="2.241073"/>
</kw>
<kw name="Set Anchor" owner="RPA.Windows">
<msg time="2025-05-19T15:22:26.975290" level="INFO">Getting element with locator: Aplicativo</msg>
<msg time="2025-05-19T15:22:26.986260" level="INFO">Resulted root element: WindowsElement(item=&lt;PaneControl ClassName='#32769' AutomationId= Rect=(0,0,1366,768)[1366x768] Name='Área de Trabalho 1' Handle=0x10010(65552)&gt;, locator=None, name='Área de Trabalho 1', automation_id='', control_type='PaneControl', class_name='#32769', left=0, right=1366, top=0, bottom=768, width=1366, height=768, xcenter=683, ycenter=384)</msg>
<msg time="2025-05-19T15:22:26.987258" level="INFO">Locator 'Aplicativo' produced matcher: MatchObject(locators=[('Name', 'Aplicativo', 0)], _classes=set(), max_level=0)</msg>
<msg time="2025-05-19T15:22:27.740761" level="INFO">Returning element: WindowsElement(item=&lt;MenuBarControl ClassName='' AutomationId=MenuBar Rect=(0,23,1366,42)[1366x19] Name='Aplicativo' Handle=0x0(0)&gt;, locator='Aplicativo', name='Aplicativo', automation_id='MenuBar', control_type='MenuBarControl', class_name='', left=0, right=1366, top=23, bottom=42, width=1366, height=19, xcenter=683, ycenter=32)</msg>
<arg>Aplicativo</arg>
<doc>Set anchor to an element specified by the locator.</doc>
<status status="PASS" start="2025-05-19T15:22:26.973296" elapsed="0.767465"/>
</kw>
<kw name="Click" owner="RPA.Windows">
<msg time="2025-05-19T15:22:27.742795" level="INFO">Getting element with locator: Fechar</msg>
<msg time="2025-05-19T15:22:27.750741" level="INFO">Resulted root element: WindowsElement(item=&lt;MenuBarControl ClassName='' AutomationId=MenuBar Rect=(0,23,1366,42)[1366x19] Name='Aplicativo' Handle=0x0(0)&gt;, locator='Aplicativo', name='Aplicativo', automation_id='MenuBar', control_type='MenuBarControl', class_name='', left=0, right=1366, top=23, bottom=42, width=1366, height=19, xcenter=683, ycenter=32)</msg>
<msg time="2025-05-19T15:22:27.751737" level="INFO">Locator 'Fechar' produced matcher: MatchObject(locators=[('Name', 'Fechar', 0)], _classes=set(), max_level=0)</msg>
<msg time="2025-05-19T15:22:28.437301" level="INFO">Returning element: WindowsElement(item=&lt;ButtonControl ClassName='' AutomationId= Rect=(1347,23,1366,42)[19x19] Name='Fechar' Handle=0x0(0)&gt;, locator='Fechar', name='Fechar', automation_id='', control_type='ButtonControl', class_name='', left=1347, right=1366, top=23, bottom=42, width=19, height=19, xcenter=1356, ycenter=32)</msg>
<arg>Fechar</arg>
<tag>action</tag>
<tag>mouse</tag>
<doc>Mouse click on element matching given locator.</doc>
<status status="PASS" start="2025-05-19T15:22:27.741798" elapsed="0.882212"/>
</kw>
<kw name="Clear Anchor" owner="RPA.Windows">
<doc>Clears control anchor set by ``Set Anchor``</doc>
<status status="PASS" start="2025-05-19T15:22:28.625004" elapsed="0.003989"/>
</kw>
<status status="PASS" start="2025-05-19T15:22:24.730227" elapsed="3.898766"/>
</kw>
<kw name="Click" owner="RPA.Windows">
<msg time="2025-05-19T15:22:28.631987" level="INFO">Getting element with locator: Sim</msg>
<msg time="2025-05-19T15:22:28.641960" level="INFO">Resulted root element: WindowsElement(item=&lt;PaneControl ClassName='#32769' AutomationId= Rect=(0,0,1366,768)[1366x768] Name='Área de Trabalho 1' Handle=0x10010(65552)&gt;, locator=None, name='Área de Trabalho 1', automation_id='', control_type='PaneControl', class_name='#32769', left=0, right=1366, top=0, bottom=768, width=1366, height=768, xcenter=683, ycenter=384)</msg>
<msg time="2025-05-19T15:22:28.642960" level="INFO">Locator 'Sim' produced matcher: MatchObject(locators=[('Name', 'Sim', 0)], _classes=set(), max_level=0)</msg>
<msg time="2025-05-19T15:22:28.871550" level="INFO">Returning element: WindowsElement(item=&lt;ButtonControl ClassName='TBitBtn' AutomationId=21039728 Rect=(591,390,666,415)[75x25] Name='Sim' Handle=0x1410A70(21039728)&gt;, locator='Sim', name='Sim', automation_id='21039728', control_type='ButtonControl', class_name='TBitBtn', left=591, right=666, top=390, bottom=415, width=75, height=25, xcenter=628, ycenter=402)</msg>
<arg>Sim</arg>
<tag>action</tag>
<tag>mouse</tag>
<doc>Mouse click on element matching given locator.</doc>
<status status="PASS" start="2025-05-19T15:22:28.630990" elapsed="0.416929"/>
</kw>
<kw name="Caso aconteça erro" owner="BaseDesktop" type="TEARDOWN">
<kw name="Set Global Timeout" owner="RPA.Windows">
<arg>0.5</arg>
<tag>action</tag>
<doc>Set global timeout for element search. Applies also
to ``Control Window`` keyword.</doc>
<status status="PASS" start="2025-05-19T15:22:29.169752" elapsed="0.000998"/>
</kw>
<kw name="Set Wait Time" owner="RPA.Windows">
<msg time="2025-05-19T15:22:29.171747" level="INFO">Previous wait time: 0.100000</msg>
<msg time="2025-05-19T15:22:29.171747" level="INFO">Current wait time: 0.100000</msg>
<arg>0.1</arg>
<tag>action</tag>
<doc>Set library wait time for action keywords.</doc>
<status status="PASS" start="2025-05-19T15:22:29.170750" elapsed="0.001999"/>
</kw>
<kw name="Run Keyword And Ignore Error" owner="BuiltIn">
<kw name="Get Text" owner="RPA.Windows">
<msg time="2025-05-19T15:22:29.176733" level="INFO">Getting element with locator: Erro</msg>
<msg time="2025-05-19T15:22:29.216790" level="INFO">Resulted root element: WindowsElement(item=&lt;PaneControl ClassName='#32769' AutomationId= Rect=(0,0,1366,768)[1366x768] Name='Área de Trabalho 1' Handle=0x10010(65552)&gt;, locator=None, name='Área de Trabalho 1', automation_id='', control_type='PaneControl', class_name='#32769', left=0, right=1366, top=0, bottom=768, width=1366, height=768, xcenter=683, ycenter=384)</msg>
[...]
<msg time="2025-05-19T15:25:56.084414" level="INFO">Returning element: WindowsElement(item=&lt;MenuItemControl ClassName='' AutomationId= Rect=(324,416,607,438)[283x22] Name='Etiquetas de Produtos para Transporte' Handle=0x0(0)&gt;, locator='Etiquetas de Produtos para Transporte', name='Etiquetas de Produtos para Transporte', automation_id='', control_type='MenuItemControl', class_name='', left=324, right=607, top=416, bottom=438, width=283, height=22, xcenter=465, ycenter=427)</msg>
<arg>Etiquetas de Produtos para Transporte</arg>
<tag>action</tag>
<tag>mouse</tag>
<doc>Mouse click on element matching given locator.</doc>
<status status="PASS" start="2025-05-19T15:25:55.762916" elapsed="0.493797"/>
</kw>
<kw name="Press Keys" owner="RPA.Desktop">
<msg time="2025-05-19T15:25:56.260738" level="INFO">Pressing keys: 'm'</msg>
<arg>M</arg>
<doc>Press multiple keys down simultaneously.</doc>
<status status="PASS" start="2025-05-19T15:25:56.259708" elapsed="0.002992"/>
</kw>
<kw name="Get Text" owner="RPA.Windows">
<msg time="2025-05-19T15:25:56.265692" level="INFO">Getting element with locator: Envio de Etiquetas de produtos naturais para transporte (1)</msg>
<msg time="2025-05-19T15:25:56.284641" level="INFO">Resulted root element: WindowsElement(item=&lt;PaneControl ClassName='#32769' AutomationId= Rect=(0,0,1366,768)[1366x768] Name='Área de Trabalho 1' Handle=0x10010(65552)&gt;, locator=None, name='Área de Trabalho 1', automation_id='', control_type='PaneControl', class_name='#32769', left=0, right=1366, top=0, bottom=768, width=1366, height=768, xcenter=683, ycenter=384)</msg>
<msg time="2025-05-19T15:25:56.285637" level="INFO">Locator 'Envio de Etiquetas de produtos naturais para transporte (1)' produced matcher: MatchObject(locators=[('Name', 'Envio de Etiquetas de produtos naturais para transporte (1)', 0)], _classes=set(), max_level=0)</msg>
<msg time="2025-05-19T15:25:57.383617" level="INFO">Returning element: WindowsElement(item=&lt;WindowControl ClassName='TfrmEnvioEtiquetasTransporte' AutomationId=65280 Rect=(-8,55,1374,716)[1382x661] Name='Envio de Etiquetas de produtos naturais para transporte (1)' Handle=0xAA0AEA(11143914)&gt;, locator='Envio de Etiquetas de produtos naturais para transporte (1)', name='Envio de Etiquetas de produtos naturais para transporte (1)', automation_id='65280', control_type='WindowControl', class_name='TfrmEnvioEtiquetasTransporte', left=-8, right=1374, top=55, bottom=716, width=1382, height=661, xcenter=683, ycenter=385)</msg>
<arg>Envio de Etiquetas de produtos naturais para transporte (1)</arg>
<tag>action</tag>
<doc>Get text from Control element defined by the locator.</doc>
<status status="PASS" start="2025-05-19T15:25:56.264694" elapsed="1.120920"/>
</kw>
<kw name="Click" owner="RPA.Windows">
<msg time="2025-05-19T15:25:57.389601" level="INFO">Getting element with locator: Carregar</msg>
<msg time="2025-05-19T15:25:57.396336" level="INFO">Resulted root element: WindowsElement(item=&lt;PaneControl ClassName='#32769' AutomationId= Rect=(0,0,1366,768)[1366x768] Name='Área de Trabalho 1' Handle=0x10010(65552)&gt;, locator=None, name='Área de Trabalho 1', automation_id='', control_type='PaneControl', class_name='#32769', left=0, right=1366, top=0, bottom=768, width=1366, height=768, xcenter=683, ycenter=384)</msg>
<msg time="2025-05-19T15:25:57.397317" level="INFO">Locator 'Carregar' produced matcher: MatchObject(locators=[('Name', 'Carregar', 0)], _classes=set(), max_level=0)</msg>
<msg time="2025-05-19T15:25:57.795918" level="INFO">Returning element: WindowsElement(item=&lt;ButtonControl ClassName='TCBitBtn' AutomationId=15404654 Rect=(548,149,658,174)[110x25] Name='Carregar' Handle=0xEB0E6E(15404654)&gt;, locator='Carregar', name='Carregar', automation_id='15404654', control_type='ButtonControl', class_name='TCBitBtn', left=548, right=658, top=149, bottom=174, width=110, height=25, xcenter=603, ycenter=161)</msg>
<arg>Carregar</arg>
<tag>action</tag>
<tag>mouse</tag>
<doc>Mouse click on element matching given locator.</doc>
<status status="PASS" start="2025-05-19T15:25:57.387607" elapsed="0.584062"/>
</kw>
<kw name="Screenshot" owner="BaseDesktop">
<kw name="Screenshot" owner="RPA.Windows">
<msg time="2025-05-19T15:25:57.976564" level="INFO">Getting element with locator: Envio de Etiquetas de produtos naturais para transporte (1)</msg>
<msg time="2025-05-19T15:25:57.985542" level="INFO">Resulted root element: WindowsElement(item=&lt;PaneControl ClassName='#32769' AutomationId= Rect=(0,0,1366,768)[1366x768] Name='Área de Trabalho 1' Handle=0x10010(65552)&gt;, locator=None, name='Área de Trabalho 1', automation_id='', control_type='PaneControl', class_name='#32769', left=0, right=1366, top=0, bottom=768, width=1366, height=768, xcenter=683, ycenter=384)</msg>
<msg time="2025-05-19T15:25:57.986539" level="INFO">Locator 'Envio de Etiquetas de produtos naturais para transporte (1)' produced matcher: MatchObject(locators=[('Name', 'Envio de Etiquetas de produtos naturais para transporte (1)', 0)], _classes=set(), max_level=0)</msg>
<msg time="2025-05-19T15:25:58.359129" level="INFO">Returning element: WindowsElement(item=&lt;WindowControl ClassName='TfrmEnvioEtiquetasTransporte' AutomationId=65280 Rect=(-8,55,1374,716)[1382x661] Name='Envio de Etiquetas de produtos naturais para transporte (1)' Handle=0xAA0AEA(11143914)&gt;, locator='Envio de Etiquetas de produtos naturais para transporte (1)', name='Envio de Etiquetas de produtos naturais para transporte (1)', automation_id='65280', control_type='WindowControl', class_name='TfrmEnvioEtiquetasTransporte', left=-8, right=1374, top=55, bottom=716, width=1382, height=661, xcenter=683, ycenter=385)</msg>
<arg>${janela}</arg>
<arg>${Caminho}.png</arg>
<tag>action</tag>
<doc>Take a screenshot of the element defined by the locator.</doc>
<status status="PASS" start="2025-05-19T15:25:57.975568" elapsed="0.448388"/>
</kw>
<arg>Envio de Etiquetas de produtos naturais para transporte (1)</arg>
<arg>${Caminho_Screenshots}Etiquetas de Produtos para Transporte/Monitor de Envio de Etiquetas</arg>
<status status="PASS" start="2025-05-19T15:25:57.974570" elapsed="0.450384"/>
</kw>
<kw name="Fechar janela" owner="BaseDesktop">
<kw name="Run Keyword And Ignore Error" owner="BuiltIn">
<kw name="Click" owner="RPA.Windows">
<msg time="2025-05-19T15:25:58.430936" level="INFO">Getting element with locator: Maximizar</msg>
<msg time="2025-05-19T15:25:58.440912" level="INFO">Resulted root element: WindowsElement(item=&lt;PaneControl ClassName='#32769' AutomationId= Rect=(0,0,1366,768)[1366x768] Name='Área de Trabalho 1' Handle=0x10010(65552)&gt;, locator=None, name='Área de Trabalho 1', automation_id='', control_type='PaneControl', class_name='#32769', left=0, right=1366, top=0, bottom=768, width=1366, height=768, xcenter=683, ycenter=384)</msg>
<msg time="2025-05-19T15:25:58.441908" level="INFO">Locator 'Maximizar' produced matcher: MatchObject(locators=[('Name', 'Maximizar', 0)], _classes=set(), max_level=0)</msg>
<msg time="2025-05-19T15:26:01.045556" level="INFO">Returning element: WindowsElement(item=&lt;ButtonControl ClassName='' AutomationId= Rect=(0,0,0,0)[0x0] Name='Maximizar' Handle=0x0(0)&gt;, locator='Maximizar', name='Maximizar', automation_id='', control_type='ButtonControl', class_name='', left=0, right=0, top=0, bottom=0, width=0, height=0, xcenter=0, ycenter=0)</msg>
<msg time="2025-05-19T15:26:01.047549" level="FAIL">ActionNotPossible: Element WindowsElement(item=&lt;ButtonControl ClassName='' AutomationId= Rect=(0,0,0,0)[0x0] Name='Maximizar' Handle=0x0(0)&gt;, locator='Maximizar', name='Maximizar', automation_id='', control_type='ButtonControl', class_name='', left=0, right=0, top=0, bottom=0, width=0, height=0, xcenter=0, ycenter=0) is not visible for clicking, use a string locator and ensure the root window is in focus</msg>
<arg>Maximizar</arg>
<tag>action</tag>
<tag>mouse</tag>
<doc>Mouse click on element matching given locator.</doc>
<status status="FAIL" start="2025-05-19T15:25:58.429942" elapsed="2.618607">ActionNotPossible: Element WindowsElement(item=&lt;ButtonControl ClassName='' AutomationId= Rect=(0,0,0,0)[0x0] Name='Maximizar' Handle=0x0(0)&gt;, locator='Maximizar', name='Maximizar', automation_id='', control_type='ButtonControl', class_name='', left=0, right=0, top=0, bottom=0, width=0, height=0, xcenter=0, ycenter=0) is not visible for clicking, use a string locator and ensure the root window is in focus</status>
</kw>
<arg>RPA.Windows.Click</arg>
<arg>Maximizar</arg>
<doc>Runs the given keyword with the given arguments and ignores possible error.</doc>
<status status="PASS" start="2025-05-19T15:25:58.428944" elapsed="2.620602"/>
</kw>
<kw name="Set Anchor" owner="RPA.Windows">
<msg time="2025-05-19T15:26:01.051542" level="INFO">Getting element with locator: Aplicativo</msg>
<msg time="2025-05-19T15:26:01.063509" level="INFO">Resulted root element: WindowsElement(item=&lt;PaneControl ClassName='#32769' AutomationId= Rect=(0,0,1366,768)[1366x768] Name='Área de Trabalho 1' Handle=0x10010(65552)&gt;, locator=None, name='Área de Trabalho 1', automation_id='', control_type='PaneControl', class_name='#32769', left=0, right=1366, top=0, bottom=768, width=1366, height=768, xcenter=683, ycenter=384)</msg>
<msg time="2025-05-19T15:26:01.063509" level="INFO">Locator 'Aplicativo' produced matcher: MatchObject(locators=[('Name', 'Aplicativo', 0)], _classes=set(), max_level=0)</msg>
<msg time="2025-05-19T15:26:01.976956" level="INFO">Returning element: WindowsElement(item=&lt;MenuBarControl ClassName='' AutomationId=MenuBar Rect=(0,23,1366,42)[1366x19] Name='Aplicativo' Handle=0x0(0)&gt;, locator='Aplicativo', name='Aplicativo', automation_id='MenuBar', control_type='MenuBarControl', class_name='', left=0, right=1366, top=23, bottom=42, width=1366, height=19, xcenter=683, ycenter=32)</msg>
<arg>Aplicativo</arg>
<doc>Set anchor to an element specified by the locator.</doc>
<status status="PASS" start="2025-05-19T15:26:01.050543" elapsed="0.927409"/>
</kw>
<kw name="Click" owner="RPA.Windows">
<msg time="2025-05-19T15:26:01.978949" level="INFO">Getting element with locator: Fechar</msg>
<msg time="2025-05-19T15:26:01.986929" level="INFO">Resulted root element: WindowsElement(item=&lt;MenuBarControl ClassName='' AutomationId=MenuBar Rect=(0,23,1366,42)[1366x19] Name='Aplicativo' Handle=0x0(0)&gt;, locator='Aplicativo', name='Aplicativo', automation_id='MenuBar', control_type='MenuBarControl', class_name='', left=0, right=1366, top=23, bottom=42, width=1366, height=19, xcenter=683, ycenter=32)</msg>
<msg time="2025-05-19T15:26:01.987926" level="INFO">Locator 'Fechar' produced matcher: MatchObject(locators=[('Name', 'Fechar', 0)], _classes=set(), max_level=0)</msg>
<msg time="2025-05-19T15:26:02.706312" level="INFO">Returning element: WindowsElement(item=&lt;ButtonControl ClassName='' AutomationId= Rect=(1347,23,1366,42)[19x19] Name='Fechar' Handle=0x0(0)&gt;, locator='Fechar', name='Fechar', automation_id='', control_type='ButtonControl', class_name='', left=1347, right=1366, top=23, bottom=42, width=19, height=19, xcenter=1356, ycenter=32)</msg>
<arg>Fechar</arg>
<tag>action</tag>
<tag>mouse</tag>
<doc>Mouse click on element matching given locator.</doc>
<status status="PASS" start="2025-05-19T15:26:01.977952" elapsed="0.916064"/>
</kw>
<kw name="Clear Anchor" owner="RPA.Windows">
<doc>Clears control anchor set by ``Set Anchor``</doc>
<status status="PASS" start="2025-05-19T15:26:02.894981" elapsed="0.002993"/>
</kw>
<status status="PASS" start="2025-05-19T15:25:58.427947" elapsed="4.470027"/>
</kw>
<kw name="Caso aconteça erro" owner="BaseDesktop" type="TEARDOWN">
<kw name="Set Global Timeout" owner="RPA.Windows">
<arg>0.5</arg>
<tag>action</tag>
<doc>Set global timeout for element search. Applies also
to ``Control Window`` keyword.</doc>
<status status="PASS" start="2025-05-19T15:26:02.901961" elapsed="0.001030"/>
</kw>
<kw name="Set Wait Time" owner="RPA.Windows">
<msg time="2025-05-19T15:26:02.903989" level="INFO">Previous wait time: 0.100000</msg>
<msg time="2025-05-19T15:26:02.903989" level="INFO">Current wait time: 0.100000</msg>
<arg>0.1</arg>
<tag>action</tag>
<doc>Set library wait time for action keywords.</doc>
<status status="PASS" start="2025-05-19T15:26:02.902991" elapsed="0.000998"/>
</kw>
<kw name="Run Keyword And Ignore Error" owner="BuiltIn">
<kw name="Get Text" owner="RPA.Windows">
<msg time="2025-05-19T15:26:02.905984" level="INFO">Getting element with locator: Erro</msg>
<msg time="2025-05-19T15:26:02.919911" level="INFO">Resulted root element: WindowsElement(item=&lt;PaneControl ClassName='#32769' AutomationId= Rect=(0,0,1366,768)[1366x768] Name='Área de Trabalho 1' Handle=0x10010(65552)&gt;, locator=None, name='Área de Trabalho 1', automation_id='', control_type='PaneControl', class_name='#32769', left=0, right=1366, top=0, bottom=768, width=1366, height=768, xcenter=683, ycenter=384)</msg>
<msg time="2025-05-19T15:26:02.919911" level="INFO">Locator 'Erro' produced matcher: MatchObject(locators=[('Name', 'Erro', 0)], _classes=set(), max_level=0)</msg>
<msg time="2025-05-19T15:26:05.763366" level="INFO">2025-05-19 15:26:05.763 locators.py[278] _get_control_from_params -&gt; Find Control Timeout(0.5s): {Name: 'Erro'}</msg>
<msg time="2025-05-19T15:26:05.764364" level="FAIL">ElementNotFound: Element not found with locator 'Erro'</msg>
<arg>Erro</arg>
<tag>action</tag>
<doc>Get text from Control element defined by the locator.</doc>
<status status="FAIL" start="2025-05-19T15:26:02.904985" elapsed="2.862372">ElementNotFound: Element not found with locator 'Erro'</status>
</kw>
<msg time="2025-05-19T15:26:05.768355" level="INFO">${Erro} = ('FAIL', "ElementNotFound: Element not found with locator 'Erro'")</msg>
<var>${Erro}</var>
<arg>RPA.Windows.Get Text</arg>
<arg>Erro</arg>
<doc>Runs the given keyword with the given arguments and ignores possible error.</doc>
<status status="PASS" start="2025-05-19T15:26:02.903989" elapsed="2.864366"/>
</kw>
<if>
<branch type="IF" condition="${Erro} != ('FAIL', &quot;ElementNotFound: Element not found with locator 'Erro'&quot;)">
<kw name="Fail" owner="BuiltIn">
<arg>Ocorreu um erro ao tentar clicar no campo em tela ou fechar a janela.</arg>
<doc>Fails the test with the given message and optionally alters its tags.</doc>
<status status="NOT RUN" start="2025-05-19T15:26:05.770348" elapsed="0.000997"/>
</kw>
<status status="NOT RUN" start="2025-05-19T15:26:05.769352" elapsed="0.001993"/>
</branch>
<status status="PASS" start="2025-05-19T15:26:05.769352" elapsed="0.002990"/>
</if>
<kw name="Run Keyword If Test Failed" owner="BuiltIn">
<arg>Run Keyword And Ignore error</arg>
<arg>RPA.Windows.Click</arg>
<arg>Maximizar</arg>
<doc>Runs the given keyword with the given arguments, if the test failed.</doc>
<status status="PASS" start="2025-05-19T15:26:05.772342" elapsed="0.000997"/>
</kw>
<kw name="Run Keyword If Test Failed" owner="BuiltIn">
<arg>Run Keyword And Ignore error</arg>
<arg>Remove File</arg>
<arg>${Caminho_Screenshots}${nome_print}.png</arg>
<doc>Runs the given keyword with the given arguments, if the test failed.</doc>
<status status="PASS" start="2025-05-19T15:26:05.774336" elapsed="0.000999"/>
</kw>
<kw name="Run Keyword If Test Failed" owner="BuiltIn">
<arg>Take Screenshot</arg>
<arg>${Caminho_Screenshots}Erro ${nome_print}.png</arg>
<doc>Runs the given keyword with the given arguments, if the test failed.</doc>
<status status="PASS" start="2025-05-19T15:26:05.776333" elapsed="0.000998"/>
</kw>
<kw name="Run Keyword If Test Failed" owner="BuiltIn">
<arg>Run Keyword And Ignore error</arg>
<arg>RPA.Windows.Click</arg>
<arg>Cancelar</arg>
<doc>Runs the given keyword with the given arguments, if the test failed.</doc>
<status status="PASS" start="2025-05-19T15:26:05.778327" elapsed="0.001000"/>
</kw>
<kw name="Run Keyword If Test Failed" owner="BuiltIn">
<arg>Run Keyword And Ignore error</arg>
<arg>RPA.Desktop.Press Keys</arg>
<arg>Enter</arg>
<doc>Runs the given keyword with the given arguments, if the test failed.</doc>
<status status="PASS" start="2025-05-19T15:26:05.780322" elapsed="0.001000"/>
</kw>
<kw name="Run Keyword If Test Failed" owner="BuiltIn">
<arg>Run Keyword And Ignore error</arg>
<arg>RPA.Windows.Click</arg>
<arg>OK</arg>
<doc>Runs the given keyword with the given arguments, if the test failed.</doc>
<status status="PASS" start="2025-05-19T15:26:05.781322" elapsed="0.000994"/>
</kw>
<kw name="Set Anchor" owner="RPA.Windows">
<msg time="2025-05-19T15:26:05.784310" level="INFO">Getting element with locator: Aplicativo</msg>
<msg time="2025-05-19T15:26:05.825203" level="INFO">Resulted root element: WindowsElement(item=&lt;PaneControl ClassName='#32769' AutomationId= Rect=(0,0,1366,768)[1366x768] Name='Área de Trabalho 1' Handle=0x10010(65552)&gt;, locator=None, name='Área de Trabalho 1', automation_id='', control_type='PaneControl', class_name='#32769', left=0, right=1366, top=0, bottom=768, width=1366, height=768, xcenter=683, ycenter=384)</msg>
<msg time="2025-05-19T15:26:05.826200" level="INFO">Locator 'Aplicativo' produced matcher: MatchObject(locators=[('Name', 'Aplicativo', 0)], _classes=set(), max_level=0)</msg>
<msg time="2025-05-19T15:26:06.661962" level="INFO">Returning element: WindowsElement(item=&lt;MenuBarControl ClassName='' AutomationId=MenuBar Rect=(0,23,1366,42)[1366x19] Name='Aplicativo' Handle=0x0(0)&gt;, locator='Aplicativo', name='Aplicativo', automation_id='MenuBar', control_type='MenuBarControl', class_name='', left=0, right=1366, top=23, bottom=42, width=1366, height=19, xcenter=683, ycenter=32)</msg>
<arg>Aplicativo</arg>
<doc>Set anchor to an element specified by the locator.</doc>
<status status="PASS" start="2025-05-19T15:26:05.783317" elapsed="0.879643"/>
</kw>
<kw name="Run Keyword If Test Failed" owner="BuiltIn">
<arg>Run Keyword And Ignore error</arg>
<arg>RPA.Windows.Click</arg>
<arg>Fechar</arg>
<doc>Runs the given keyword with the given arguments, if the test failed.</doc>
<status status="PASS" start="2025-05-19T15:26:06.663956" elapsed="0.000998"/>
</kw>
<kw name="Clear Anchor" owner="RPA.Windows">
<doc>Clears control anchor set by ``Set Anchor``</doc>
<status status="PASS" start="2025-05-19T15:26:06.665951" elapsed="0.000997"/>
</kw>
<kw name="Run Keyword If Test Failed" owner="BuiltIn">
<arg>Run Keyword And Ignore error</arg>
<arg>RPA.Windows.Click</arg>
<arg>Sim</arg>
<doc>Runs the given keyword with the given arguments, if the test failed.</doc>
<status status="PASS" start="2025-05-19T15:26:06.667945" elapsed="0.000998"/>
</kw>
<arg>${Caminho_Screenshots}Etiquetas de Produtos para Transporte/</arg>
<arg>Monitor de Envio de Etiquetas</arg>
<status status="PASS" start="2025-05-19T15:26:02.899965" elapsed="3.769978"/>
</kw>
<status status="PASS" start="2025-05-19T15:25:54.268546" elapsed="12.413362"/>
</test>
<test id="s1-t17" name="Encerrar" line="189">
<kw name="Encerrar tudo" owner="BaseDesktop">
<kw name="Close All Applications" owner="RPA.Desktop">
<doc>Close all opened applications.</doc>
<status status="PASS" start="2025-05-19T15:26:06.698862" elapsed="0.001994"/>
</kw>
<status status="PASS" start="2025-05-19T15:26:06.697866" elapsed="0.003990"/>
</kw>
<status status="PASS" start="2025-05-19T15:26:06.688890" elapsed="0.025931"/>
</test>
<doc>Smoke Test: Estoque</doc>
<status status="FAIL" start="2025-05-19T15:21:05.009074" elapsed="301.715721"/>
</suite>
<statistics>
<total>
<stat pass="16" fail="1" skip="0">All Tests</stat>
</total>
<tag>
</tag>
<suite>
<stat name="Utilitários" id="s1" pass="16" fail="1" skip="0">Utilitários</stat>
</suite>
</statistics>
<errors>
<msg time="2025-05-19T15:22:47.343933" level="WARN">Invalid locator strategy ''! (assuming 'name')</msg>
<msg time="2025-05-19T15:22:48.583134" level="WARN">Invalid locator strategy ''! (assuming 'name')</msg>
</errors>
</robot>
