<?xml version="1.0" encoding="UTF-8"?>
<robot generator="Robot 7.2.2 (Python 3.9.13 on win32)" generated="2025-06-13T11:34:44.923231" rpa="false" schemaversion="5">
<suite id="s1" name="Movimentos" source="c:\Users\Gustavo Zanotto\AppData\Local\Programs\Python\Python39\Scripts\RobotFramework\EstruturasBase\DESKTOP\Tests\SmokeTest\Parques_Naturais\ERP\Fiscal\Movimentos.robot">
<kw name="Iniciar sessao" owner="BaseDesktop" type="SETUP">
<kw name="Carregar os elementos do app" owner="BaseDesktop">
<kw name="Add Image Path" owner="SikuliLibrary">
<arg>${EXECDIR}\\EstruturasBase\\DESKTOP\\Elements</arg>
<doc>Add image path</doc>
<status status="PASS" start="2025-06-13T11:34:58.974393" elapsed="0.093749"/>
</kw>
<status status="PASS" start="2025-06-13T11:34:58.969407" elapsed="0.099732"/>
</kw>
<kw name="Open Application" owner="RPA.Desktop">
<msg time="2025-06-13T11:34:59.071135" level="INFO">Starting application: C:\Limber\ERP Executaveis\cde_win_fis.exe</msg>
<arg>C:\\Limber\\ERP Executaveis\\${nome_exe}.exe</arg>
<doc>Start a given application by name (if in PATH),
or by path to executable.</doc>
<status status="PASS" start="2025-06-13T11:34:59.070137" elapsed="0.055372"/>
</kw>
<kw name="Sleep" owner="BuiltIn">
<msg time="2025-06-13T11:35:00.133494" level="INFO">Slept 1 second.</msg>
<arg>1s</arg>
<doc>Pauses the test executed for the given time.</doc>
<status status="PASS" start="2025-06-13T11:34:59.126508" elapsed="1.007985"/>
</kw>
<kw name="Click" owner="RPA.Windows">
<msg time="2025-06-13T11:35:00.141474" level="INFO">Getting element with locator: Abrir</msg>
<msg time="2025-06-13T11:35:00.179370" level="INFO">Resulted root element: WindowsElement(item=&lt;PaneControl ClassName='#32769' AutomationId= Rect=(0,0,1366,768)[1366x768] Name='Área de Trabalho 1' Handle=0x10010(65552)&gt;, locator=None, name='Área de Trabalho 1', automation_id='', control_type='PaneControl', class_name='#32769', left=0, right=1366, top=0, bottom=768, width=1366, height=768, xcenter=683, ycenter=384)</msg>
<msg time="2025-06-13T11:35:00.180367" level="INFO">Locator 'Abrir' produced matcher: MatchObject(locators=[('Name', 'Abrir', 0)], _classes=set(), max_level=0)</msg>
<msg time="2025-06-13T11:35:01.821956" level="INFO">Returning element: WindowsElement(item=&lt;ButtonControl ClassName='' AutomationId=DropDown Rect=(1029,204,1044,224)[15x20] Name='Abrir' Handle=0x0(0)&gt;, locator='Abrir', name='Abrir', automation_id='DropDown', control_type='ButtonControl', class_name='', left=1029, right=1044, top=204, bottom=224, width=15, height=20, xcenter=1036, ycenter=214)</msg>
<arg>Abrir</arg>
<tag>action</tag>
<tag>mouse</tag>
<doc>Mouse click on element matching given locator.</doc>
<status status="PASS" start="2025-06-13T11:35:00.135488" elapsed="2.277564"/>
</kw>
<kw name="Sleep" owner="BuiltIn">
<msg time="2025-06-13T11:35:04.421709" level="INFO">Slept 2 seconds.</msg>
<arg>2s</arg>
<doc>Pauses the test executed for the given time.</doc>
<status status="PASS" start="2025-06-13T11:35:02.415047" elapsed="2.008664"/>
</kw>
<kw name="Press Keys" owner="RPA.Desktop">
<msg time="2025-06-13T11:35:04.426710" level="INFO">Pressing keys: Key.enter</msg>
<arg>enter</arg>
<doc>Press multiple keys down simultaneously.</doc>
<status status="PASS" start="2025-06-13T11:35:04.425713" elapsed="0.006263"/>
</kw>
<kw name="Sleep" owner="BuiltIn">
<msg time="2025-06-13T11:35:09.439103" level="INFO">Slept 5 seconds.</msg>
<msg time="2025-06-13T11:35:09.440081" level="INFO">Carregando a base...</msg>
<arg>5s</arg>
<arg>Carregando a base...</arg>
<doc>Pauses the test executed for the given time.</doc>
<status status="PASS" start="2025-06-13T11:35:04.433968" elapsed="5.007156"/>
</kw>
<kw name="Type Text" owner="RPA.Desktop">
<arg>1</arg>
<doc>Type text one letter at a time.</doc>
<status status="PASS" start="2025-06-13T11:35:09.442126" elapsed="0.002942"/>
</kw>
<kw name="Press Keys" owner="RPA.Desktop">
<msg time="2025-06-13T11:35:09.450061" level="INFO">Pressing keys: Key.enter</msg>
<arg>enter</arg>
<doc>Press multiple keys down simultaneously.</doc>
<status status="PASS" start="2025-06-13T11:35:09.448060" elapsed="0.102603"/>
</kw>
<kw name="Press Keys" owner="RPA.Desktop">
<msg time="2025-06-13T11:35:09.552659" level="INFO">Pressing keys: Key.enter</msg>
<arg>enter</arg>
<doc>Press multiple keys down simultaneously.</doc>
<status status="PASS" start="2025-06-13T11:35:09.551660" elapsed="0.109211"/>
</kw>
<arg>cde_win_fis</arg>
<status status="PASS" start="2025-06-13T11:34:58.965419" elapsed="10.696449"/>
</kw>
<test id="s1-t1" name="Outros &gt; PIS/COFINS &gt; Lançamento de Crédito do Pis/Cofins" line="427">
<kw name="Movimentos">
<kw name="Cadastros" owner="BaseDesktop">
<kw name="Click" owner="SikuliLibrary">
<msg time="2025-06-13T11:35:12.111718" level="INFO" html="true">&lt;img src='sikuli_captured/sikuliximage-1749825311250.png'/&gt;
[log] CLICK on L[32,33]@S(0) (601 msec)</msg>
<arg>Cadastros.png</arg>
<doc>Click</doc>
<status status="PASS" start="2025-06-13T11:35:09.667851" elapsed="2.444864"/>
</kw>
<status status="PASS" start="2025-06-13T11:35:09.665857" elapsed="2.446858"/>
</kw>
<kw name="Repetidor de teclas" owner="BaseDesktop">
<for flavor="IN RANGE">
<iter>
<kw name="Press Keys" owner="RPA.Desktop">
<msg time="2025-06-13T11:35:12.118700" level="INFO">Pressing keys: Key.right</msg>
<arg>${tecla}</arg>
<doc>Press multiple keys down simultaneously.</doc>
<status status="PASS" start="2025-06-13T11:35:12.117703" elapsed="0.006981"/>
</kw>
<var name="${quantidade_de_clicks}">1</var>
<status status="PASS" start="2025-06-13T11:35:12.116705" elapsed="0.007979"/>
</iter>
<var>${quantidade_de_clicks}</var>
<value>1</value>
<value>${quantidade_de_clicks}+1</value>
<status status="PASS" start="2025-06-13T11:35:12.114709" elapsed="0.010971"/>
</for>
<arg>right</arg>
<arg>1</arg>
<status status="PASS" start="2025-06-13T11:35:12.113717" elapsed="0.011963"/>
</kw>
<kw name="Click" owner="RPA.Windows">
<msg time="2025-06-13T11:35:12.128672" level="INFO">Getting element with locator: Outros</msg>
<msg time="2025-06-13T11:35:12.169562" level="INFO">Resulted root element: WindowsElement(item=&lt;PaneControl ClassName='#32769' AutomationId= Rect=(0,0,1366,768)[1366x768] Name='Área de Trabalho 1' Handle=0x10010(65552)&gt;, locator=None, name='Área de Trabalho 1', automation_id='', control_type='PaneControl', class_name='#32769', left=0, right=1366, top=0, bottom=768, width=1366, height=768, xcenter=683, ycenter=384)</msg>
<msg time="2025-06-13T11:35:12.170560" level="INFO">Locator 'Outros' produced matcher: MatchObject(locators=[('Name', 'Outros', 0)], _classes=set(), max_level=0)</msg>
<msg time="2025-06-13T11:35:13.355014" level="INFO">Returning element: WindowsElement(item=&lt;MenuItemControl ClassName='' AutomationId= Rect=(69,125,286,147)[217x22] Name='Outros' Handle=0x0(0)&gt;, locator='Outros', name='Outros', automation_id='', control_type='MenuItemControl', class_name='', left=69, right=286, top=125, bottom=147, width=217, height=22, xcenter=177, ycenter=136)</msg>
<arg>${nome}</arg>
<tag>action</tag>
<tag>mouse</tag>
<doc>Mouse click on element matching given locator.</doc>
<status status="PASS" start="2025-06-13T11:35:12.126678" elapsed="1.805332"/>
</kw>
<arg>Outros</arg>
<status status="PASS" start="2025-06-13T11:35:09.663862" elapsed="4.270143"/>
</kw>
<kw name="Click" owner="RPA.Windows">
<msg time="2025-06-13T11:35:13.938992" level="INFO">Getting element with locator: PIS/COFINS</msg>
<msg time="2025-06-13T11:35:13.954948" level="INFO">Resulted root element: WindowsElement(item=&lt;PaneControl ClassName='#32769' AutomationId= Rect=(0,0,1366,768)[1366x768] Name='Área de Trabalho 1' Handle=0x10010(65552)&gt;, locator=None, name='Área de Trabalho 1', automation_id='', control_type='PaneControl', class_name='#32769', left=0, right=1366, top=0, bottom=768, width=1366, height=768, xcenter=683, ycenter=384)</msg>
<msg time="2025-06-13T11:35:13.955946" level="INFO">Locator 'PIS/COFINS' produced matcher: MatchObject(locators=[('Name', 'PIS/COFINS', 0)], _classes=set(), max_level=0)</msg>
<msg time="2025-06-13T11:35:14.871082" level="INFO">Returning element: WindowsElement(item=&lt;MenuItemControl ClassName='' AutomationId= Rect=(286,191,437,213)[151x22] Name='PIS/COFINS' Handle=0x0(0)&gt;, locator='PIS/COFINS', name='PIS/COFINS', automation_id='', control_type='MenuItemControl', class_name='', left=286, right=437, top=191, bottom=213, width=151, height=22, xcenter=361, ycenter=202)</msg>
<arg>PIS/COFINS</arg>
<tag>action</tag>
<tag>mouse</tag>
<doc>Mouse click on element matching given locator.</doc>
<status status="PASS" start="2025-06-13T11:35:13.937001" elapsed="1.517807"/>
</kw>
<kw name="Press Keys" owner="RPA.Desktop">
<msg time="2025-06-13T11:35:15.466783" level="INFO">Pressing keys: 'a'</msg>
<arg>A</arg>
<doc>Press multiple keys down simultaneously.</doc>
<status status="PASS" start="2025-06-13T11:35:15.464797" elapsed="0.005967"/>
</kw>
<kw name="Get Text" owner="RPA.Windows">
<msg time="2025-06-13T11:35:15.487719" level="INFO">Getting element with locator: Lançamento de Crédito do Pis/Cofins (1)</msg>
<msg time="2025-06-13T11:35:15.524618" level="INFO">Resulted root element: WindowsElement(item=&lt;PaneControl ClassName='#32769' AutomationId= Rect=(0,0,1366,768)[1366x768] Name='Área de Trabalho 1' Handle=0x10010(65552)&gt;, locator=None, name='Área de Trabalho 1', automation_id='', control_type='PaneControl', class_name='#32769', left=0, right=1366, top=0, bottom=768, width=1366, height=768, xcenter=683, ycenter=384)</msg>
<msg time="2025-06-13T11:35:15.525622" level="INFO">Locator 'Lançamento de Crédito do Pis/Cofins (1)' produced matcher: MatchObject(locators=[('Name', 'Lançamento de Crédito do Pis/Cofins (1)', 0)], _classes=set(), max_level=0)</msg>
<msg time="2025-06-13T11:35:16.862408" level="INFO">Returning element: WindowsElement(item=&lt;WindowControl ClassName='TfrmFisLancCredPisCofins' AutomationId=65280 Rect=(192,54,962,483)[770x429] Name='Lançamento de Crédito do Pis/Cofins (1)' Handle=0x38047C(3671164)&gt;, locator='Lançamento de Crédito do Pis/Cofins (1)', name='Lançamento de Crédito do Pis/Cofins (1)', automation_id='65280', control_type='WindowControl', class_name='TfrmFisLancCredPisCofins', left=192, right=962, top=54, bottom=483, width=770, height=429, xcenter=577, ycenter=268)</msg>
<arg>Lançamento de Crédito do Pis/Cofins (1)</arg>
<tag>action</tag>
<doc>Get text from Control element defined by the locator.</doc>
<status status="PASS" start="2025-06-13T11:35:15.483730" elapsed="1.380673"/>
</kw>
<kw name="Click" owner="RPA.Windows">
<msg time="2025-06-13T11:35:16.868393" level="INFO">Getting element with locator: Novo</msg>
<msg time="2025-06-13T11:35:16.879365" level="INFO">Resulted root element: WindowsElement(item=&lt;PaneControl ClassName='#32769' AutomationId= Rect=(0,0,1366,768)[1366x768] Name='Área de Trabalho 1' Handle=0x10010(65552)&gt;, locator=None, name='Área de Trabalho 1', automation_id='', control_type='PaneControl', class_name='#32769', left=0, right=1366, top=0, bottom=768, width=1366, height=768, xcenter=683, ycenter=384)</msg>
<msg time="2025-06-13T11:35:16.880368" level="INFO">Locator 'Novo' produced matcher: MatchObject(locators=[('Name', 'Novo', 0)], _classes=set(), max_level=0)</msg>
<msg time="2025-06-13T11:35:18.053918" level="INFO">Returning element: WindowsElement(item=&lt;ButtonControl ClassName='TBitBtn' AutomationId=1903690 Rect=(201,86,291,117)[90x31] Name='Novo' Handle=0x1D0C4A(1903690)&gt;, locator='Novo', name='Novo', automation_id='1903690', control_type='ButtonControl', class_name='TBitBtn', left=201, right=291, top=86, bottom=117, width=90, height=31, xcenter=246, ycenter=101)</msg>
<arg>Novo</arg>
<tag>action</tag>
<tag>mouse</tag>
<doc>Mouse click on element matching given locator.</doc>
<status status="PASS" start="2025-06-13T11:35:16.867396" elapsed="1.779556"/>
</kw>
<kw name="Screenshot" owner="BaseDesktop">
<kw name="Screenshot" owner="RPA.Windows">
<msg time="2025-06-13T11:35:18.653934" level="INFO">Getting element with locator: Lançamento de Crédito do Pis/Cofins (1)</msg>
<msg time="2025-06-13T11:35:18.666897" level="INFO">Resulted root element: WindowsElement(item=&lt;PaneControl ClassName='#32769' AutomationId= Rect=(0,0,1366,768)[1366x768] Name='Área de Trabalho 1' Handle=0x10010(65552)&gt;, locator=None, name='Área de Trabalho 1', automation_id='', control_type='PaneControl', class_name='#32769', left=0, right=1366, top=0, bottom=768, width=1366, height=768, xcenter=683, ycenter=384)</msg>
<msg time="2025-06-13T11:35:18.667896" level="INFO">Locator 'Lançamento de Crédito do Pis/Cofins (1)' produced matcher: MatchObject(locators=[('Name', 'Lançamento de Crédito do Pis/Cofins (1)', 0)], _classes=set(), max_level=0)</msg>
<msg time="2025-06-13T11:35:19.908576" level="INFO">Returning element: WindowsElement(item=&lt;WindowControl ClassName='TfrmFisLancCredPisCofins' AutomationId=65280 Rect=(192,54,962,483)[770x429] Name='Lançamento de Crédito do Pis/Cofins (1)' Handle=0x38047C(3671164)&gt;, locator='Lançamento de Crédito do Pis/Cofins (1)', name='Lançamento de Crédito do Pis/Cofins (1)', automation_id='65280', control_type='WindowControl', class_name='TfrmFisLancCredPisCofins', left=192, right=962, top=54, bottom=483, width=770, height=429, xcenter=577, ycenter=268)</msg>
<arg>${janela}</arg>
<arg>${Caminho}.png</arg>
<tag>action</tag>
<doc>Take a screenshot of the element defined by the locator.</doc>
<status status="PASS" start="2025-06-13T11:35:18.651940" elapsed="1.357365"/>
</kw>
<arg>Lançamento de Crédito do Pis/Cofins (1)</arg>
<arg>${Caminho_Screenshots}Outros/PIS_COFINS/Lançamento de Crédito do Pis_Cofins</arg>
<status status="PASS" start="2025-06-13T11:35:18.649943" elapsed="1.359362"/>
</kw>
<kw name="Fechar janela" owner="BaseDesktop">
<kw name="Set Global Timeout" owner="RPA.Windows">
<arg>0.01</arg>
<tag>action</tag>
<doc>Set global timeout for element search. Applies also
to ``Control Window`` keyword.</doc>
<status status="PASS" start="2025-06-13T11:35:20.013295" elapsed="0.001002"/>
</kw>
<kw name="Set Wait Time" owner="RPA.Windows">
<msg time="2025-06-13T11:35:20.015291" level="INFO">Previous wait time: 0.500000</msg>
<msg time="2025-06-13T11:35:20.016286" level="INFO">Current wait time: 0.010000</msg>
<arg>0.01</arg>
<tag>action</tag>
<doc>Set library wait time for action keywords.</doc>
<status status="PASS" start="2025-06-13T11:35:20.014297" elapsed="0.001989"/>
</kw>
<kw name="Run Keyword And Ignore Error" owner="BuiltIn">
<kw name="Click" owner="RPA.Windows">
<msg time="2025-06-13T11:35:20.021277" level="INFO">Getting element with locator: Maximizar</msg>
<msg time="2025-06-13T11:35:20.040224" level="INFO">Resulted root element: WindowsElement(item=&lt;PaneControl ClassName='#32769' AutomationId= Rect=(0,0,1366,768)[1366x768] Name='Área de Trabalho 1' Handle=0x10010(65552)&gt;, locator=None, name='Área de Trabalho 1', automation_id='', control_type='PaneControl', class_name='#32769', left=0, right=1366, top=0, bottom=768, width=1366, height=768, xcenter=683, ycenter=384)</msg>
<msg time="2025-06-13T11:35:20.041221" level="INFO">Locator 'Maximizar' produced matcher: MatchObject(locators=[('Name', 'Maximizar', 0)], _classes=set(), max_level=0)</msg>
<msg time="2025-06-13T11:35:23.534558" level="INFO">Returning element: WindowsElement(item=&lt;ButtonControl ClassName='' AutomationId= Rect=(0,0,0,0)[0x0] Name='Maximizar' Handle=0x0(0)&gt;, locator='Maximizar', name='Maximizar', automation_id='', control_type='ButtonControl', class_name='', left=0, right=0, top=0, bottom=0, width=0, height=0, xcenter=0, ycenter=0)</msg>
<msg time="2025-06-13T11:35:23.536553" level="FAIL">ActionNotPossible: Element WindowsElement(item=&lt;ButtonControl ClassName='' AutomationId= Rect=(0,0,0,0)[0x0] Name='Maximizar' Handle=0x0(0)&gt;, locator='Maximizar', name='Maximizar', automation_id='', control_type='ButtonControl', class_name='', left=0, right=0, top=0, bottom=0, width=0, height=0, xcenter=0, ycenter=0) is not visible for clicking, use a string locator and ensure the root window is in focus</msg>
<arg>Maximizar</arg>
<tag>action</tag>
<tag>mouse</tag>
<doc>Mouse click on element matching given locator.</doc>
<status status="FAIL" start="2025-06-13T11:35:20.019281" elapsed="3.522259">ActionNotPossible: Element WindowsElement(item=&lt;ButtonControl ClassName='' AutomationId= Rect=(0,0,0,0)[0x0] Name='Maximizar' Handle=0x0(0)&gt;, locator='Maximizar', name='Maximizar', automation_id='', control_type='ButtonControl', class_name='', left=0, right=0, top=0, bottom=0, width=0, height=0, xcenter=0, ycenter=0) is not visible for clicking, use a string locator and ensure the root window is in focus</status>
</kw>
<arg>RPA.Windows.Click</arg>
<arg>Maximizar</arg>
<doc>Runs the given keyword with the given arguments and ignores possible error.</doc>
<status status="PASS" start="2025-06-13T11:35:20.017284" elapsed="3.525254"/>
</kw>
<kw name="Set Anchor" owner="RPA.Windows">
<msg time="2025-06-13T11:35:23.545530" level="INFO">Getting element with locator: Aplicativo</msg>
<msg time="2025-06-13T11:35:23.567471" level="INFO">Resulted root element: WindowsElement(item=&lt;PaneControl ClassName='#32769' AutomationId= Rect=(0,0,1366,768)[1366x768] Name='Área de Trabalho 1' Handle=0x10010(65552)&gt;, locator=None, name='Área de Trabalho 1', automation_id='', control_type='PaneControl', class_name='#32769', left=0, right=1366, top=0, bottom=768, width=1366, height=768, xcenter=683, ycenter=384)</msg>
<msg time="2025-06-13T11:35:23.568469" level="INFO">Locator 'Aplicativo' produced matcher: MatchObject(locators=[('Name', 'Aplicativo', 0)], _classes=set(), max_level=0)</msg>
<msg time="2025-06-13T11:35:25.278970" level="INFO">Returning element: WindowsElement(item=&lt;MenuBarControl ClassName='' AutomationId=MenuBar Rect=(0,23,1366,42)[1366x19] Name='Aplicativo' Handle=0x0(0)&gt;, locator='Aplicativo', name='Aplicativo', automation_id='MenuBar', control_type='MenuBarControl', class_name='', left=0, right=1366, top=23, bottom=42, width=1366, height=19, xcenter=683, ycenter=32)</msg>
<arg>Aplicativo</arg>
<doc>Set anchor to an element specified by the locator.</doc>
<status status="PASS" start="2025-06-13T11:35:23.543535" elapsed="1.736433"/>
</kw>
<kw name="Click" owner="RPA.Windows">
<msg time="2025-06-13T11:35:25.280964" level="INFO">Getting element with locator: Fechar</msg>
<msg time="2025-06-13T11:35:25.288944" level="INFO">Resulted root element: WindowsElement(item=&lt;MenuBarControl ClassName='' AutomationId=MenuBar Rect=(0,23,1366,42)[1366x19] Name='Aplicativo' Handle=0x0(0)&gt;, locator='Aplicativo', name='Aplicativo', automation_id='MenuBar', control_type='MenuBarControl', class_name='', left=0, right=1366, top=23, bottom=42, width=1366, height=19, xcenter=683, ycenter=32)</msg>
<msg time="2025-06-13T11:35:25.289941" level="INFO">Locator 'Fechar' produced matcher: MatchObject(locators=[('Name', 'Fechar', 0)], _classes=set(), max_level=0)</msg>
<msg time="2025-06-13T11:35:25.951745" level="INFO">Returning element: WindowsElement(item=&lt;ButtonControl ClassName='' AutomationId= Rect=(1347,23,1366,42)[19x19] Name='Fechar' Handle=0x0(0)&gt;, locator='Fechar', name='Fechar', automation_id='', control_type='ButtonControl', class_name='', left=1347, right=1366, top=23, bottom=42, width=19, height=19, xcenter=1356, ycenter=32)</msg>
<arg>Fechar</arg>
<tag>action</tag>
<tag>mouse</tag>
<doc>Mouse click on element matching given locator.</doc>
<status status="PASS" start="2025-06-13T11:35:25.279968" elapsed="0.759586"/>
</kw>
<kw name="Clear Anchor" owner="RPA.Windows">
<doc>Clears control anchor set by ``Set Anchor``</doc>
<status status="PASS" start="2025-06-13T11:35:26.043544" elapsed="0.005986"/>
</kw>
<kw name="Sleep" owner="BuiltIn">
<msg time="2025-06-13T11:35:26.255890" level="INFO">Slept 200 milliseconds.</msg>
<arg>0.2</arg>
<doc>Pauses the test executed for the given time.</doc>
<status status="PASS" start="2025-06-13T11:35:26.050528" elapsed="0.208358"/>
</kw>
<status status="PASS" start="2025-06-13T11:35:20.011300" elapsed="6.248587"/>
</kw>
<kw name="Click" owner="RPA.Windows">
<msg time="2025-06-13T11:35:26.264870" level="INFO">Getting element with locator: Sim</msg>
<msg time="2025-06-13T11:35:26.277837" level="INFO">Resulted root element: WindowsElement(item=&lt;PaneControl ClassName='#32769' AutomationId= Rect=(0,0,1366,768)[1366x768] Name='Área de Trabalho 1' Handle=0x10010(65552)&gt;, locator=None, name='Área de Trabalho 1', automation_id='', control_type='PaneControl', class_name='#32769', left=0, right=1366, top=0, bottom=768, width=1366, height=768, xcenter=683, ycenter=384)</msg>
<msg time="2025-06-13T11:35:26.277837" level="INFO">Locator 'Sim' produced matcher: MatchObject(locators=[('Name', 'Sim', 0)], _classes=set(), max_level=0)</msg>
<msg time="2025-06-13T11:35:27.115422" level="INFO">Returning element: WindowsElement(item=&lt;ButtonControl ClassName='TBitBtn' AutomationId=2559272 Rect=(591,390,666,415)[75x25] Name='Sim' Handle=0x270D28(2559272)&gt;, locator='Sim', name='Sim', automation_id='2559272', control_type='ButtonControl', class_name='TBitBtn', left=591, right=666, top=390, bottom=415, width=75, height=25, xcenter=628, ycenter=402)</msg>
<arg>Sim</arg>
<tag>action</tag>
<tag>mouse</tag>
<doc>Mouse click on element matching given locator.</doc>
<status status="PASS" start="2025-06-13T11:35:26.262875" elapsed="0.932507"/>
</kw>
<kw name="Caso aconteça erro" owner="BaseDesktop" type="TEARDOWN">
<kw name="Set Global Timeout" owner="RPA.Windows">
<arg>0.01</arg>
<tag>action</tag>
<doc>Set global timeout for element search. Applies also
to ``Control Window`` keyword.</doc>
<status status="PASS" start="2025-06-13T11:35:27.301103" elapsed="0.000998"/>
</kw>
<kw name="Set Wait Time" owner="RPA.Windows">
<msg time="2025-06-13T11:35:27.303098" level="INFO">Previous wait time: 0.010000</msg>
<msg time="2025-06-13T11:35:27.304098" level="INFO">Current wait time: 0.010000</msg>
<arg>0.01</arg>
<tag>action</tag>
<doc>Set library wait time for action keywords.</doc>
<status status="PASS" start="2025-06-13T11:35:27.302101" elapsed="0.001997"/>
</kw>
<kw name="Run Keyword And Ignore Error" owner="BuiltIn">
<kw name="Get Text" owner="RPA.Windows">
<msg time="2025-06-13T11:35:27.309082" level="INFO">Getting element with locator: Erro</msg>
<msg time="2025-06-13T11:35:27.347978" level="INFO">Resulted root element: WindowsElement(item=&lt;PaneControl ClassName='#32769' AutomationId= Rect=(0,0,1366,768)[1366x768] Name='Área de Trabalho 1' Handle=0x10010(65552)&gt;, locator=None, name='Área de Trabalho 1', automation_id='', control_type='PaneControl', class_name='#32769', left=0, right=1366, top=0, bottom=768, width=1366, height=768, xcenter=683, ycenter=384)</msg>
<msg time="2025-06-13T11:35:27.348975" level="INFO">Locator 'Erro' produced matcher: MatchObject(locators=[('Name', 'Erro', 0)], _classes=set(), max_level=0)</msg>
<msg time="2025-06-13T11:35:36.310857" level="INFO">2025-06-13 11:35:36.308 locators.py[278] _get_control_from_params -&gt; Find Control Timeout(0.01s): {Name: 'Erro'}</msg>
<msg time="2025-06-13T11:35:36.310857" level="FAIL">ElementNotFound: Element not found with locator 'Erro'</msg>
<arg>Erro</arg>
<tag>action</tag>
<doc>Get text from Control element defined by the locator.</doc>
<status status="FAIL" start="2025-06-13T11:35:27.307087" elapsed="9.017737">ElementNotFound: Element not found with locator 'Erro'</status>
</kw>
<msg time="2025-06-13T11:35:36.325821" level="INFO">${Erro} = ('FAIL', "ElementNotFound: Element not found with locator 'Erro'")</msg>
<var>${Erro}</var>
<arg>RPA.Windows.Get Text</arg>
<arg>Erro</arg>
<doc>Runs the given keyword with the given arguments and ignores possible error.</doc>
<status status="PASS" start="2025-06-13T11:35:27.305094" elapsed="9.020727"/>
</kw>
<if>
<branch type="IF" condition="${Erro} != ('FAIL', &quot;ElementNotFound: Element not found with locator 'Erro'&quot;)">
<kw name="Fail" owner="BuiltIn">
<arg>Ocorreu um erro ao tentar clicar no campo em tela ou fechar a janela.</arg>
<doc>Fails the test with the given message and optionally alters its tags.</doc>
<status status="NOT RUN" start="2025-06-13T11:35:36.327817" elapsed="0.000996"/>
</kw>
<status status="NOT RUN" start="2025-06-13T11:35:36.326817" elapsed="0.001996"/>
</branch>
<status status="PASS" start="2025-06-13T11:35:36.326817" elapsed="0.001996"/>
</if>
<kw name="Run Keyword And Ignore Error" owner="BuiltIn">
<kw name="Click" owner="RPA.Windows">
<msg time="2025-06-13T11:35:36.330812" level="INFO">Getting element with locator: Maximizar</msg>
<msg time="2025-06-13T11:35:36.345768" level="INFO">Resulted root element: WindowsElement(item=&lt;PaneControl ClassName='#32769' AutomationId= Rect=(0,0,1366,768)[1366x768] Name='Área de Trabalho 1' Handle=0x10010(65552)&gt;, locator=None, name='Área de Trabalho 1', automation_id='', control_type='PaneControl', class_name='#32769', left=0, right=1366, top=0, bottom=768, width=1366, height=768, xcenter=683, ycenter=384)</msg>
<msg time="2025-06-13T11:35:36.346766" level="INFO">Locator 'Maximizar' produced matcher: MatchObject(locators=[('Name', 'Maximizar', 0)], _classes=set(), max_level=0)</msg>
<msg time="2025-06-13T11:35:38.971175" level="INFO">Returning element: WindowsElement(item=&lt;ButtonControl ClassName='' AutomationId= Rect=(0,0,0,0)[0x0] Name='Maximizar' Handle=0x0(0)&gt;, locator='Maximizar', name='Maximizar', automation_id='', control_type='ButtonControl', class_name='', left=0, right=0, top=0, bottom=0, width=0, height=0, xcenter=0, ycenter=0)</msg>
<msg time="2025-06-13T11:35:38.973173" level="FAIL">ActionNotPossible: Element WindowsElement(item=&lt;ButtonControl ClassName='' AutomationId= Rect=(0,0,0,0)[0x0] Name='Maximizar' Handle=0x0(0)&gt;, locator='Maximizar', name='Maximizar', automation_id='', control_type='ButtonControl', class_name='', left=0, right=0, top=0, bottom=0, width=0, height=0, xcenter=0, ycenter=0) is not visible for clicking, use a string locator and ensure the root window is in focus</msg>
<arg>Maximizar</arg>
<tag>action</tag>
<tag>mouse</tag>
<doc>Mouse click on element matching given locator.</doc>
<status status="FAIL" start="2025-06-13T11:35:36.329815" elapsed="2.644354">ActionNotPossible: Element WindowsElement(item=&lt;ButtonControl ClassName='' AutomationId= Rect=(0,0,0,0)[0x0] Name='Maximizar' Handle=0x0(0)&gt;, locator='Maximizar', name='Maximizar', automation_id='', control_type='ButtonControl', class_name='', left=0, right=0, top=0, bottom=0, width=0, height=0, xcenter=0, ycenter=0) is not visible for clicking, use a string locator and ensure the root window is in focus</status>
</kw>
<arg>RPA.Windows.Click</arg>
<arg>Maximizar</arg>
<doc>Runs the given keyword with the given arguments and ignores possible error.</doc>
<status status="PASS" start="2025-06-13T11:35:36.329815" elapsed="2.645352"/>
</kw>
<kw name="Sleep" owner="BuiltIn">
<msg time="2025-06-13T11:35:39.379617" level="INFO">Slept 400 milliseconds.</msg>
<arg>0.4</arg>
<doc>Pauses the test executed for the given time.</doc>
<status status="PASS" start="2025-06-13T11:35:38.976164" elapsed="0.404478"/>
</kw>
<kw name="Run Keyword And Ignore Error" owner="BuiltIn">
<kw name="Press Keys" owner="RPA.Desktop">
<msg time="2025-06-13T11:35:39.384592" level="INFO">Pressing keys: Key.esc</msg>
<arg>esc</arg>
<doc>Press multiple keys down simultaneously.</doc>
<status status="PASS" start="2025-06-13T11:35:39.382637" elapsed="0.003943"/>
</kw>
<arg>RPA.Desktop.Press Keys</arg>
<arg>esc</arg>
<doc>Runs the given keyword with the given arguments and ignores possible error.</doc>
<status status="PASS" start="2025-06-13T11:35:39.381641" elapsed="0.005938"/>
</kw>
<kw name="Run Keyword If Test Failed" owner="BuiltIn">
<arg>Run Keyword And Ignore error</arg>
<arg>RPA.Windows.Click</arg>
<arg>Confirmar</arg>
<doc>Runs the given keyword with the given arguments, if the test failed.</doc>
<status status="PASS" start="2025-06-13T11:35:39.388578" elapsed="0.000996"/>
</kw>
<kw name="Run Keyword If Test Failed" owner="BuiltIn">
<arg>Run Keyword And Ignore error</arg>
<arg>Remove File</arg>
<arg>${Caminho_Screenshots}${nome_print}.png</arg>
<doc>Runs the given keyword with the given arguments, if the test failed.</doc>
<status status="PASS" start="2025-06-13T11:35:39.389574" elapsed="0.000996"/>
</kw>
<kw name="Run Keyword If Test Failed" owner="BuiltIn">
<arg>Take Screenshot</arg>
<arg>${Caminho_Screenshots}Erro ${nome_print}.png</arg>
<doc>Runs the given keyword with the given arguments, if the test failed.</doc>
<status status="PASS" start="2025-06-13T11:35:39.390570" elapsed="0.000996"/>
</kw>
<kw name="Run Keyword If Test Failed" owner="BuiltIn">
<arg>Run Keyword And Ignore error</arg>
<arg>RPA.Windows.Click</arg>
<arg>Cancelar</arg>
<doc>Runs the given keyword with the given arguments, if the test failed.</doc>
<status status="PASS" start="2025-06-13T11:35:39.391566" elapsed="0.000000"/>
</kw>
<kw name="Run Keyword If Test Failed" owner="BuiltIn">
<arg>Run Keyword And Ignore error</arg>
<arg>RPA.Windows.Click</arg>
<arg>Cancel</arg>
<doc>Runs the given keyword with the given arguments, if the test failed.</doc>
<status status="PASS" start="2025-06-13T11:35:39.392568" elapsed="0.000000"/>
</kw>
<kw name="Run Keyword If Test Failed" owner="BuiltIn">
<arg>Run Keyword And Ignore error</arg>
<arg>RPA.Desktop.Press Keys</arg>
<arg>esc</arg>
<doc>Runs the given keyword with the given arguments, if the test failed.</doc>
<status status="PASS" start="2025-06-13T11:35:39.393561" elapsed="0.000000"/>
</kw>
<kw name="Run Keyword If Test Failed" owner="BuiltIn">
<arg>Run Keyword And Ignore error</arg>
<arg>RPA.Windows.Click</arg>
<arg>OK</arg>
<doc>Runs the given keyword with the given arguments, if the test failed.</doc>
<status status="PASS" start="2025-06-13T11:35:39.393561" elapsed="0.000998"/>
</kw>
<kw name="Run Keyword And Ignore Error" owner="BuiltIn">
<kw name="Set Anchor" owner="RPA.Windows">
<msg time="2025-06-13T11:35:39.398550" level="INFO">Getting element with locator: Aplicativo</msg>
<msg time="2025-06-13T11:35:39.428469" level="INFO">Resulted root element: WindowsElement(item=&lt;PaneControl ClassName='#32769' AutomationId= Rect=(0,0,1366,768)[1366x768] Name='Área de Trabalho 1' Handle=0x10010(65552)&gt;, locator=None, name='Área de Trabalho 1', automation_id='', control_type='PaneControl', class_name='#32769', left=0, right=1366, top=0, bottom=768, width=1366, height=768, xcenter=683, ycenter=384)</msg>
<msg time="2025-06-13T11:35:39.428469" level="INFO">Locator 'Aplicativo' produced matcher: MatchObject(locators=[('Name', 'Aplicativo', 0)], _classes=set(), max_level=0)</msg>
<msg time="2025-06-13T11:35:40.946568" level="INFO">Returning element: WindowsElement(item=&lt;MenuBarControl ClassName='' AutomationId=MenuBar Rect=(0,23,1366,42)[1366x19] Name='Aplicativo' Handle=0x0(0)&gt;, locator='Aplicativo', name='Aplicativo', automation_id='MenuBar', control_type='MenuBarControl', class_name='', left=0, right=1366, top=23, bottom=42, width=1366, height=19, xcenter=683, ycenter=32)</msg>
<arg>Aplicativo</arg>
<doc>Set anchor to an element specified by the locator.</doc>
<status status="PASS" start="2025-06-13T11:35:39.396555" elapsed="1.551012"/>
</kw>
<arg>Set Anchor</arg>
<arg>Aplicativo</arg>
<doc>Runs the given keyword with the given arguments and ignores possible error.</doc>
<status status="PASS" start="2025-06-13T11:35:39.395556" elapsed="1.552011"/>
</kw>
<kw name="Run Keyword If Test Failed" owner="BuiltIn">
<arg>Run Keyword And Ignore error</arg>
<arg>RPA.Windows.Click</arg>
<arg>Fechar</arg>
<doc>Runs the given keyword with the given arguments, if the test failed.</doc>
<status status="PASS" start="2025-06-13T11:35:40.948565" elapsed="0.000999"/>
</kw>
<kw name="Clear Anchor" owner="RPA.Windows">
<doc>Clears control anchor set by ``Set Anchor``</doc>
<status status="PASS" start="2025-06-13T11:35:40.950558" elapsed="0.001995"/>
</kw>
<kw name="Run Keyword If Test Failed" owner="BuiltIn">
<arg>Run Keyword And Ignore error</arg>
<arg>RPA.Windows.Click</arg>
<arg>Sim</arg>
<doc>Runs the given keyword with the given arguments, if the test failed.</doc>
<status status="PASS" start="2025-06-13T11:35:40.953552" elapsed="0.000000"/>
</kw>
<arg>${Caminho_Screenshots}Outros/PIS_COFINS/</arg>
<arg>Lançamento de Crédito do Pis_Cofins</arg>
<status status="PASS" start="2025-06-13T11:35:27.298110" elapsed="13.656438"/>
</kw>
<status status="PASS" start="2025-06-13T11:35:09.661868" elapsed="31.297666"/>
</test>
<doc>Smoke Test: Cadastros</doc>
<status status="PASS" start="2025-06-13T11:34:44.944227" elapsed="56.021294"/>
</suite>
<statistics>
<total>
<stat pass="1" fail="0" skip="0">All Tests</stat>
</total>
<tag>
</tag>
<suite>
<stat name="Movimentos" id="s1" pass="1" fail="0" skip="0">Movimentos</stat>
</suite>
</statistics>
<errors>
</errors>
</robot>
